  [4;36;1mSQL (1.0ms)[0m   [0;1m SELECT name
 FROM sqlite_master
 WHERE type = 'table' AND NOT name = 'sqlite_sequence'
[0m
  [4;35;1mSQL (0.0ms)[0m   [0mselect sqlite_version(*)[0m
  [4;36;1mSQL (136.0ms)[0m   [0;1mCREATE TABLE "schema_migrations" ("version" varchar(255) NOT NULL) [0m
  [4;35;1mSQL (1.0ms)[0m   [0mPRAGMA index_list("schema_migrations")[0m
  [4;36;1mSQL (131.0ms)[0m   [0;1mCREATE UNIQUE INDEX "unique_schema_migrations" ON "schema_migrations" ("version")[0m
  [4;35;1mSQL (1.0ms)[0m   [0m SELECT name
 FROM sqlite_master
 WHERE type = 'table' AND NOT name = 'sqlite_sequence'
[0m
  [4;36;1mSQL (1.0ms)[0m   [0;1mSELECT version FROM schema_migrations[0m
  [4;36;1mSQL (1.0ms)[0m   [0;1m SELECT name
 FROM sqlite_master
 WHERE type = 'table' AND NOT name = 'sqlite_sequence'
[0m
  [4;35;1mSQL (1.0ms)[0m   [0mselect sqlite_version(*)[0m
  [4;36;1mSQL (1.0ms)[0m   [0;1m SELECT name
 FROM sqlite_master
 WHERE type = 'table' AND NOT name = 'sqlite_sequence'
[0m
  [4;35;1mSQL (1.0ms)[0m   [0mSELECT version FROM schema_migrations[0m
  [4;36;1mSQL (1.0ms)[0m   [0;1m SELECT name
 FROM sqlite_master
 WHERE type = 'table' AND NOT name = 'sqlite_sequence'
[0m
  [4;36;1mSQL (1.0ms)[0m   [0;1m SELECT name
 FROM sqlite_master
 WHERE type = 'table' AND NOT name = 'sqlite_sequence'
[0m
  [4;35;1mSQL (1.0ms)[0m   [0mSELECT version FROM schema_migrations[0m
  [4;36;1mSQL (1.0ms)[0m   [0;1m SELECT name
 FROM sqlite_master
 WHERE type = 'table' AND NOT name = 'sqlite_sequence'
[0m
  [4;35;1mSQL (0.0ms)[0m   [0mselect sqlite_version(*)[0m
  [4;36;1mSQL (126.0ms)[0m   [0;1mCREATE TABLE "schema_migrations" ("version" varchar(255) NOT NULL) [0m
  [4;35;1mSQL (0.0ms)[0m   [0mPRAGMA index_list("schema_migrations")[0m
  [4;36;1mSQL (84.0ms)[0m   [0;1mCREATE UNIQUE INDEX "unique_schema_migrations" ON "schema_migrations" ("version")[0m
  [4;35;1mSQL (0.0ms)[0m   [0m SELECT name
 FROM sqlite_master
 WHERE type = 'table' AND NOT name = 'sqlite_sequence'
[0m
  [4;36;1mSQL (1.0ms)[0m   [0;1mSELECT version FROM "schema_migrations"[0m
  [4;35;1mSQL (75.0ms)[0m   [0mINSERT INTO "schema_migrations" (version) VALUES ('0')[0m
  [4;36;1mSQL (0.4ms)[0m   [0;1m SELECT name
 FROM sqlite_master
 WHERE type = 'table' AND NOT name = 'sqlite_sequence'
[0m
  [4;35;1mSQL (0.1ms)[0m   [0mSELECT version FROM schema_migrations[0m
Migrating to CreateRecipes (20101028231539)
  [4;36;1mSQL (0.1ms)[0m   [0;1mselect sqlite_version(*)[0m
  [4;35;1mSQL (0.5ms)[0m   [0mCREATE TABLE "recipes" ("id" INTEGER PRIMARY KEY AUTOINCREMENT NOT NULL, "title" varchar(255), "directions" text, "completion_time" integer, "recipelist_id" integer, "created_at" datetime, "updated_at" datetime) [0m
  [4;36;1mSQL (0.1ms)[0m   [0;1mINSERT INTO schema_migrations (version) VALUES ('20101028231539')[0m
Migrating to CreateIngredients (20101028231900)
  [4;35;1mSQL (0.3ms)[0m   [0mCREATE TABLE "ingredients" ("id" INTEGER PRIMARY KEY AUTOINCREMENT NOT NULL, "name" varchar(255), "number" integer, "unit" varchar(255), "type" varchar(255), "recipe_id" integer, "created_at" datetime, "updated_at" datetime) [0m
  [4;36;1mSQL (0.1ms)[0m   [0;1mINSERT INTO schema_migrations (version) VALUES ('20101028231900')[0m
Migrating to CreateReviews (20101028232430)
  [4;35;1mSQL (0.3ms)[0m   [0mCREATE TABLE "reviews" ("id" INTEGER PRIMARY KEY AUTOINCREMENT NOT NULL, "title" varchar(255), "review" text, "recipe_id" integer, "created_at" datetime, "updated_at" datetime) [0m
  [4;36;1mSQL (0.1ms)[0m   [0;1mINSERT INTO schema_migrations (version) VALUES ('20101028232430')[0m
Migrating to CreateRecipeLists (20101028232509)
  [4;35;1mSQL (0.3ms)[0m   [0mCREATE TABLE "recipe_lists" ("id" INTEGER PRIMARY KEY AUTOINCREMENT NOT NULL, "created_at" datetime, "updated_at" datetime) [0m
  [4;36;1mSQL (0.1ms)[0m   [0;1mINSERT INTO schema_migrations (version) VALUES ('20101028232509')[0m
Migrating to CreateGroceryLists (20101028232528)
  [4;35;1mSQL (0.3ms)[0m   [0mCREATE TABLE "grocery_lists" ("id" INTEGER PRIMARY KEY AUTOINCREMENT NOT NULL, "created_at" datetime, "updated_at" datetime) [0m
  [4;36;1mSQL (0.1ms)[0m   [0;1mINSERT INTO schema_migrations (version) VALUES ('20101028232528')[0m
  [4;35;1mSQL (0.3ms)[0m   [0m SELECT name
 FROM sqlite_master
 WHERE type = 'table' AND NOT name = 'sqlite_sequence'
[0m
  [4;36;1mSQL (0.1ms)[0m   [0;1mSELECT version FROM schema_migrations[0m
  [4;35;1mSQL (0.2ms)[0m   [0m SELECT name
 FROM sqlite_master
 WHERE type = 'table' AND NOT name = 'sqlite_sequence'
[0m
  [4;36;1mSQL (0.1ms)[0m   [0;1mPRAGMA index_list("grocery_lists")[0m
  [4;35;1mSQL (0.0ms)[0m   [0mPRAGMA index_list("ingredients")[0m
  [4;36;1mSQL (0.0ms)[0m   [0;1mPRAGMA index_list("recipe_lists")[0m
  [4;35;1mSQL (0.0ms)[0m   [0mPRAGMA index_list("recipes")[0m
  [4;36;1mSQL (0.0ms)[0m   [0;1mPRAGMA index_list("reviews")[0m


Processing ApplicationController#index (for 127.0.0.1 at 2010-10-28 16:26:50) [GET]

ActionController::RoutingError (No route matches "/recipe" with {:method=>:get}):
  <internal:prelude>:8:in `synchronize'
  /usr/lib/ruby/1.9.1/webrick/httpserver.rb:111:in `service'
  /usr/lib/ruby/1.9.1/webrick/httpserver.rb:70:in `run'
  /usr/lib/ruby/1.9.1/webrick/server.rb:183:in `block in start_thread'

Rendering rescues/layout (not_found)


Processing RecipesController#index (for 127.0.0.1 at 2010-10-28 16:26:52) [GET]
  [4;36;1mRecipe Load (0.5ms)[0m   [0;1mSELECT * FROM "recipes" [0m
Rendering template within layouts/recipes
Rendering recipes/index
Completed in 78ms (View: 74, DB: 1) | 200 OK [http://localhost/recipes]


Processing RecipesController#new (for 127.0.0.1 at 2010-10-28 16:26:54) [GET]
Rendering template within layouts/recipes
Rendering recipes/new
Completed in 21ms (View: 16, DB: 0) | 200 OK [http://localhost/recipes/new]
  [4;36;1mSQL (0.6ms)[0m   [0;1m SELECT name
 FROM sqlite_master
 WHERE type = 'table' AND NOT name = 'sqlite_sequence'
[0m
  [4;35;1mSQL (0.1ms)[0m   [0mSELECT version FROM schema_migrations[0m
Migrating to CreateRecipes (20101028231539)
Migrating to CreateIngredients (20101028231900)
Migrating to CreateReviews (20101028232430)
Migrating to CreateRecipeLists (20101028232509)
Migrating to CreateGroceryLists (20101028232528)
  [4;36;1mSQL (0.1ms)[0m   [0;1mselect sqlite_version(*)[0m
  [4;35;1mSQL (0.2ms)[0m   [0m SELECT name
 FROM sqlite_master
 WHERE type = 'table' AND NOT name = 'sqlite_sequence'
[0m
  [4;36;1mSQL (0.1ms)[0m   [0;1mSELECT version FROM schema_migrations[0m
  [4;35;1mSQL (0.2ms)[0m   [0m SELECT name
 FROM sqlite_master
 WHERE type = 'table' AND NOT name = 'sqlite_sequence'
[0m
  [4;36;1mSQL (0.1ms)[0m   [0;1mPRAGMA index_list("grocery_lists")[0m
  [4;35;1mSQL (0.0ms)[0m   [0mPRAGMA index_list("ingredients")[0m
  [4;36;1mSQL (0.0ms)[0m   [0;1mPRAGMA index_list("recipe_lists")[0m
  [4;35;1mSQL (0.0ms)[0m   [0mPRAGMA index_list("recipes")[0m
  [4;36;1mSQL (0.0ms)[0m   [0;1mPRAGMA index_list("reviews")[0m


Processing RecipesController#index (for 127.0.0.1 at 2010-10-28 16:47:39) [GET]
  [4;36;1mRecipe Load (1.0ms)[0m   [0;1mSELECT * FROM "recipes" [0m
Rendering template within layouts/recipes
Rendering recipes/index
Completed in 6032ms (View: 5926, DB: 1) | 200 OK [http://localhost/recipes]


Processing RecipesController#index (for 127.0.0.1 at 2010-10-28 16:49:42) [GET]
  [4;35;1mRecipe Load (0.0ms)[0m   [0mSELECT * FROM "recipes" [0m
Rendering template within layouts/recipes
Rendering recipes/index
Completed in 14ms (View: 3, DB: 0) | 200 OK [http://localhost/recipes/]


Processing IngredientsController#index (for 127.0.0.1 at 2010-10-28 16:49:52) [GET]
  [4;36;1mIngredient Load (1.0ms)[0m   [0;1mSELECT * FROM "ingredients" [0m
Rendering template within layouts/ingredients
Rendering ingredients/index
Completed in 41ms (View: 30, DB: 1) | 200 OK [http://localhost/ingredients]


Processing RecipesController#index (for 127.0.0.1 at 2010-10-28 16:49:57) [GET]
  [4;35;1mRecipe Load (1.0ms)[0m   [0mSELECT * FROM "recipes" [0m
Rendering template within layouts/recipes
Rendering recipes/index
Completed in 17ms (View: 5, DB: 1) | 200 OK [http://localhost/recipes]


Processing Rails::InfoController#properties (for 127.0.0.1 at 2010-10-28 16:51:31) [GET]
  [4;36;1mSQL (1.0ms)[0m   [0;1m SELECT name
 FROM sqlite_master
 WHERE type = 'table' AND NOT name = 'sqlite_sequence'
[0m
  [4;35;1mSQL (0.0ms)[0m   [0mSELECT version FROM schema_migrations[0m
Completed in 171ms (View: 11, DB: 1) | 200 OK [http://localhost/rails/info/properties]


Processing RecipesController#index (for 127.0.0.1 at 2010-10-28 16:57:10) [GET]
  [4;36;1mRecipe Load (1.0ms)[0m   [0;1mSELECT * FROM "recipes" [0m
Rendering template within layouts/recipes
Rendering recipes/index
Completed in 94ms (View: 26, DB: 1) | 200 OK [http://localhost/recipes]


Processing RecipesController#index (for 127.0.0.1 at 2010-10-28 17:00:37) [GET]
  [4;35;1mRecipe Load (1.0ms)[0m   [0mSELECT * FROM "recipes" [0m
Rendering template within layouts/recipes
Rendering recipes/index
Completed in 15ms (View: 3, DB: 1) | 200 OK [http://localhost/]


Processing RecipesController#index (for 127.0.0.1 at 2010-10-28 17:02:17) [GET]
  [4;36;1mRecipe Load (0.0ms)[0m   [0;1mSELECT * FROM "recipes" [0m
Rendering template within layouts/recipes
Rendering recipes/index
Completed in 14ms (View: 3, DB: 0) | 200 OK [http://localhost/]


Processing RecipesController#new (for 127.0.0.1 at 2010-10-28 17:02:23) [GET]
Rendering template within layouts/recipes
Rendering recipes/new
Completed in 5927ms (View: 5917, DB: 0) | 200 OK [http://localhost/recipes/new]


Processing RecipesController#index (for 127.0.0.1 at 2010-10-28 17:02:52) [GET]
  [4;35;1mRecipe Load (0.0ms)[0m   [0mSELECT * FROM "recipes" [0m
Rendering template within layouts/recipes
Rendering recipes/index
Completed in 16ms (View: 4, DB: 0) | 200 OK [http://localhost/recipes]


Processing RecipesController#index (for 127.0.0.1 at 2010-10-28 17:09:02) [GET]
  [4;36;1mRecipe Load (0.0ms)[0m   [0;1mSELECT * FROM "recipes" [0m
Rendering template within layouts/recipes
Rendering recipes/index
Completed in 15ms (View: 3, DB: 0) | 200 OK [http://localhost/]


Processing RecipesController#new (for 127.0.0.1 at 2010-10-28 17:09:10) [GET]
Rendering template within layouts/recipes
Rendering recipes/new
Completed in 26ms (View: 14, DB: 0) | 200 OK [http://localhost/recipes/new]


Processing RecipesController#create (for 127.0.0.1 at 2010-10-28 17:09:47) [POST]
  Parameters: {"commit"=>"Create", "authenticity_token"=>"yiLkApZAvnEw1BmNznnUqFEapgqr5pHLavQvsD2C72A=", "recipe"=>{"directions"=>"Warm it up.", "title"=>"Chef Boyardee", "recipelist_id"=>"N/A", "completion_time"=>"2 minutes"}}
  [4;35;1mRecipe Create (2.0ms)[0m   [0mINSERT INTO "recipes" ("directions", "created_at", "title", "updated_at", "recipelist_id", "completion_time") VALUES('Warm it up.', '2010-10-29 00:09:47', 'Chef Boyardee', '2010-10-29 00:09:47', 0, 2)[0m
Redirected to http://localhost:3000/recipes/1
Completed in 101ms (DB: 2) | 302 Found [http://localhost/recipes]


Processing RecipesController#show (for 127.0.0.1 at 2010-10-28 17:09:47) [GET]
  Parameters: {"id"=>"1"}
  [4;36;1mRecipe Load (1.0ms)[0m   [0;1mSELECT * FROM "recipes" WHERE ("recipes"."id" = 1) [0m
Rendering template within layouts/recipes
Rendering recipes/show
Completed in 23ms (View: 11, DB: 1) | 200 OK [http://localhost/recipes/1]


Processing RecipesController#index (for 127.0.0.1 at 2010-10-28 17:09:50) [GET]
  [4;35;1mRecipe Load (1.0ms)[0m   [0mSELECT * FROM "recipes" [0m
Rendering template within layouts/recipes
Rendering recipes/index
Completed in 19ms (View: 8, DB: 1) | 200 OK [http://localhost/recipes]


Processing RecipesController#index (for 127.0.0.1 at 2010-10-28 17:10:36) [GET]
  [4;36;1mRecipe Load (1.0ms)[0m   [0;1mSELECT * FROM "recipes" [0m
Rendering template within layouts/recipes
Rendering recipes/index
Completed in 20ms (View: 8, DB: 1) | 200 OK [http://localhost/]


Processing RecipesController#show (for 127.0.0.1 at 2010-10-28 17:12:33) [GET]
  Parameters: {"id"=>"1"}
  [4;35;1mRecipe Load (0.0ms)[0m   [0mSELECT * FROM "recipes" WHERE ("recipes"."id" = 1) [0m
Rendering template within layouts/recipes
Rendering recipes/show
Completed in 20ms (View: 6, DB: 0) | 200 OK [http://localhost/recipes/1]


Processing RecipesController#index (for 127.0.0.1 at 2010-10-28 17:19:01) [GET]
  [4;36;1mRecipe Load (1.0ms)[0m   [0;1mSELECT * FROM "recipes" [0m
Rendering template within layouts/recipes
Rendering recipes/index
Completed in 20ms (View: 7, DB: 1) | 200 OK [http://localhost/recipes]


Processing IngredientsController#index (for 127.0.0.1 at 2010-10-28 17:19:10) [GET]
  [4;35;1mIngredient Load (1.0ms)[0m   [0mSELECT * FROM "ingredients" [0m
Rendering template within layouts/ingredients
Rendering ingredients/index
Completed in 26ms (View: 15, DB: 1) | 200 OK [http://localhost/ingredients]


Processing IngredientsController#new (for 127.0.0.1 at 2010-10-28 17:19:11) [GET]
Rendering template within layouts/ingredients
Rendering ingredients/new
Completed in 33ms (View: 23, DB: 0) | 200 OK [http://localhost/ingredients/new]


Processing IngredientsController#index (for 127.0.0.1 at 2010-10-28 17:19:14) [GET]
  [4;36;1mIngredient Load (1.0ms)[0m   [0;1mSELECT * FROM "ingredients" [0m
Rendering template within layouts/ingredients
Rendering ingredients/index
Completed in 14ms (View: 3, DB: 1) | 200 OK [http://localhost/ingredients]


Processing RecipesController#index (for 127.0.0.1 at 2010-10-28 17:19:20) [GET]
  [4;35;1mRecipe Load (1.0ms)[0m   [0mSELECT * FROM "recipes" [0m
Rendering template within layouts/recipes
Rendering recipes/index
Completed in 20ms (View: 8, DB: 1) | 200 OK [http://localhost/recipes]


Processing RecipesController#index (for 127.0.0.1 at 2010-10-28 17:25:54) [GET]
  [4;36;1mRecipe Load (0.0ms)[0m   [0;1mSELECT * FROM "recipes" [0m
Rendering template within layouts/recipes
Rendering recipes/index
  [4;35;1mSQL (1.0ms)[0m   [0mSELECT count(*) AS count_all FROM "reviews" WHERE ("reviews".recipe_id = 1) [0m
Completed in 91ms (View: 79, DB: 1) | 200 OK [http://localhost/recipes]


Processing RecipesController#show (for 127.0.0.1 at 2010-10-28 17:30:46) [GET]
  Parameters: {"id"=>"1"}
  [4;36;1mRecipe Load (0.0ms)[0m   [0;1mSELECT * FROM "recipes" WHERE ("recipes"."id" = 1) [0m
Rendering template within layouts/recipes
Rendering recipes/show
  [4;35;1mReview Load (0.0ms)[0m   [0mSELECT * FROM "reviews" WHERE ("reviews".recipe_id = 1) [0m
Completed in 35ms (View: 20, DB: 0) | 200 OK [http://localhost/recipes/1]


Processing ReviewsController#index (for 127.0.0.1 at 2010-10-28 17:31:13) [GET]
  [4;36;1mReview Load (0.0ms)[0m   [0;1mSELECT * FROM "reviews" [0m
Rendering template within layouts/reviews
Rendering reviews/index
Completed in 26ms (View: 16, DB: 0) | 200 OK [http://localhost/reviews]


Processing ReviewsController#new (for 127.0.0.1 at 2010-10-28 17:31:14) [GET]
Rendering template within layouts/reviews
Rendering reviews/new

ActionView::TemplateError (undefined method `stars' for #<Review:0x86e1ef8>) on line #16 of app/views/reviews/new.html.erb:
13:   </p>
14:   <p>
15:     <%= f.label :stars %><br />
16:     <%= f.text_field :stars %>
17:   </p>
18:   <p>
19:     <%= f.label :recipe_id %><br />

    app/views/reviews/new.html.erb:16
    app/views/reviews/new.html.erb:3
    app/controllers/reviews_controller.rb:29:in `new'
    C:/Ruby187/lib/ruby/1.8/webrick/httpserver.rb:104:in `service'
    C:/Ruby187/lib/ruby/1.8/webrick/httpserver.rb:65:in `run'
    C:/Ruby187/lib/ruby/1.8/webrick/server.rb:173:in `start_thread'
    C:/Ruby187/lib/ruby/1.8/webrick/server.rb:162:in `start'
    C:/Ruby187/lib/ruby/1.8/webrick/server.rb:162:in `start_thread'
    C:/Ruby187/lib/ruby/1.8/webrick/server.rb:95:in `start'
    C:/Ruby187/lib/ruby/1.8/webrick/server.rb:92:in `each'
    C:/Ruby187/lib/ruby/1.8/webrick/server.rb:92:in `start'
    C:/Ruby187/lib/ruby/1.8/webrick/server.rb:23:in `start'
    C:/Ruby187/lib/ruby/1.8/webrick/server.rb:82:in `start'

Rendered rescues/_trace (62.0ms)
Rendered rescues/_request_and_response (1.0ms)
Rendering rescues/layout (internal_server_error)
  [4;36;1mSQL (1.0ms)[0m   [0;1m SELECT name
 FROM sqlite_master
 WHERE type = 'table' AND NOT name = 'sqlite_sequence'
[0m
  [4;35;1mSQL (0.0ms)[0m   [0mSELECT version FROM schema_migrations[0m
  [4;36;1mSQL (0.0ms)[0m   [0;1m SELECT name
 FROM sqlite_master
 WHERE type = 'table' AND NOT name = 'sqlite_sequence'
[0m
  [4;35;1mSQL (0.0ms)[0m   [0mSELECT version FROM schema_migrations[0m
Migrating to CreateGroceryLists (20101028232528)
  [4;36;1mSQL (0.0ms)[0m   [0;1mselect sqlite_version(*)[0m
  [4;35;1mSQL (3.0ms)[0m   [0mDROP TABLE "grocery_lists"[0m
  [4;36;1mSQL (1.0ms)[0m   [0;1mDELETE FROM schema_migrations WHERE version = '20101028232528'[0m
  [4;35;1mSQL (1.0ms)[0m   [0m SELECT name
 FROM sqlite_master
 WHERE type = 'table' AND NOT name = 'sqlite_sequence'
[0m
  [4;36;1mSQL (0.0ms)[0m   [0;1mSELECT version FROM schema_migrations[0m
  [4;35;1mSQL (0.0ms)[0m   [0m SELECT name
 FROM sqlite_master
 WHERE type = 'table' AND NOT name = 'sqlite_sequence'
[0m
  [4;36;1mSQL (0.0ms)[0m   [0;1mPRAGMA index_list("ingredients")[0m
  [4;35;1mSQL (0.0ms)[0m   [0mPRAGMA index_list("recipe_lists")[0m
  [4;36;1mSQL (0.0ms)[0m   [0;1mPRAGMA index_list("recipes")[0m
  [4;35;1mSQL (0.0ms)[0m   [0mPRAGMA index_list("reviews")[0m
  [4;36;1mSQL (1.0ms)[0m   [0;1m SELECT name
 FROM sqlite_master
 WHERE type = 'table' AND NOT name = 'sqlite_sequence'
[0m
  [4;35;1mSQL (0.0ms)[0m   [0mSELECT version FROM schema_migrations[0m
  [4;36;1mSQL (0.0ms)[0m   [0;1m SELECT name
 FROM sqlite_master
 WHERE type = 'table' AND NOT name = 'sqlite_sequence'
[0m
  [4;35;1mSQL (0.0ms)[0m   [0mSELECT version FROM schema_migrations[0m
Migrating to CreateRecipeLists (20101028232509)
  [4;36;1mSQL (0.0ms)[0m   [0;1mselect sqlite_version(*)[0m
  [4;35;1mSQL (3.0ms)[0m   [0mDROP TABLE "recipe_lists"[0m
  [4;36;1mSQL (1.0ms)[0m   [0;1mDELETE FROM schema_migrations WHERE version = '20101028232509'[0m
  [4;35;1mSQL (1.0ms)[0m   [0m SELECT name
 FROM sqlite_master
 WHERE type = 'table' AND NOT name = 'sqlite_sequence'
[0m
  [4;36;1mSQL (0.0ms)[0m   [0;1mSELECT version FROM schema_migrations[0m
  [4;35;1mSQL (1.0ms)[0m   [0m SELECT name
 FROM sqlite_master
 WHERE type = 'table' AND NOT name = 'sqlite_sequence'
[0m
  [4;36;1mSQL (0.0ms)[0m   [0;1mPRAGMA index_list("ingredients")[0m
  [4;35;1mSQL (0.0ms)[0m   [0mPRAGMA index_list("recipes")[0m
  [4;36;1mSQL (0.0ms)[0m   [0;1mPRAGMA index_list("reviews")[0m
  [4;36;1mSQL (1.0ms)[0m   [0;1m SELECT name
 FROM sqlite_master
 WHERE type = 'table' AND NOT name = 'sqlite_sequence'
[0m
  [4;35;1mSQL (0.0ms)[0m   [0mSELECT version FROM schema_migrations[0m
  [4;36;1mSQL (0.0ms)[0m   [0;1m SELECT name
 FROM sqlite_master
 WHERE type = 'table' AND NOT name = 'sqlite_sequence'
[0m
  [4;35;1mSQL (0.0ms)[0m   [0mSELECT version FROM schema_migrations[0m
Migrating to CreateReviews (20101028232430)
  [4;36;1mSQL (0.0ms)[0m   [0;1mselect sqlite_version(*)[0m
  [4;35;1mSQL (4.0ms)[0m   [0mDROP TABLE "reviews"[0m
  [4;36;1mSQL (0.0ms)[0m   [0;1mDELETE FROM schema_migrations WHERE version = '20101028232430'[0m
  [4;35;1mSQL (0.0ms)[0m   [0m SELECT name
 FROM sqlite_master
 WHERE type = 'table' AND NOT name = 'sqlite_sequence'
[0m
  [4;36;1mSQL (0.0ms)[0m   [0;1mSELECT version FROM schema_migrations[0m
  [4;35;1mSQL (0.0ms)[0m   [0m SELECT name
 FROM sqlite_master
 WHERE type = 'table' AND NOT name = 'sqlite_sequence'
[0m
  [4;36;1mSQL (0.0ms)[0m   [0;1mPRAGMA index_list("ingredients")[0m
  [4;35;1mSQL (0.0ms)[0m   [0mPRAGMA index_list("recipes")[0m
  [4;36;1mSQL (1.0ms)[0m   [0;1m SELECT name
 FROM sqlite_master
 WHERE type = 'table' AND NOT name = 'sqlite_sequence'
[0m
  [4;35;1mSQL (0.0ms)[0m   [0mSELECT version FROM schema_migrations[0m
  [4;36;1mSQL (1.0ms)[0m   [0;1m SELECT name
 FROM sqlite_master
 WHERE type = 'table' AND NOT name = 'sqlite_sequence'
[0m
  [4;35;1mSQL (1.0ms)[0m   [0mSELECT version FROM schema_migrations[0m
Migrating to CreateIngredients (20101028231900)
  [4;36;1mSQL (0.0ms)[0m   [0;1mselect sqlite_version(*)[0m
  [4;35;1mSQL (4.0ms)[0m   [0mDROP TABLE "ingredients"[0m
  [4;36;1mSQL (0.0ms)[0m   [0;1mDELETE FROM schema_migrations WHERE version = '20101028231900'[0m
  [4;35;1mSQL (0.0ms)[0m   [0m SELECT name
 FROM sqlite_master
 WHERE type = 'table' AND NOT name = 'sqlite_sequence'
[0m
  [4;36;1mSQL (1.0ms)[0m   [0;1mSELECT version FROM schema_migrations[0m
  [4;35;1mSQL (0.0ms)[0m   [0m SELECT name
 FROM sqlite_master
 WHERE type = 'table' AND NOT name = 'sqlite_sequence'
[0m
  [4;36;1mSQL (0.0ms)[0m   [0;1mPRAGMA index_list("recipes")[0m
  [4;36;1mSQL (1.0ms)[0m   [0;1m SELECT name
 FROM sqlite_master
 WHERE type = 'table' AND NOT name = 'sqlite_sequence'
[0m
  [4;35;1mSQL (0.0ms)[0m   [0mSELECT version FROM schema_migrations[0m
Migrating to CreateRecipes (20101028231539)
Migrating to CreateIngredients (20101028231900)
  [4;36;1mSQL (0.0ms)[0m   [0;1mselect sqlite_version(*)[0m
  [4;35;1mSQL (2.0ms)[0m   [0mCREATE TABLE "ingredients" ("id" INTEGER PRIMARY KEY AUTOINCREMENT NOT NULL, "name" varchar(255), "number" integer, "unit" varchar(255), "type" varchar(255), "recipe_id" integer, "created_at" datetime, "updated_at" datetime) [0m
  [4;36;1mSQL (0.0ms)[0m   [0;1mINSERT INTO schema_migrations (version) VALUES ('20101028231900')[0m
Migrating to CreateReviews (20101028232430)
  [4;35;1mSQL (2.0ms)[0m   [0mCREATE TABLE "reviews" ("id" INTEGER PRIMARY KEY AUTOINCREMENT NOT NULL, "title" varchar(255), "review" text, "recipe_id" integer, "created_at" datetime, "updated_at" datetime) [0m
  [4;36;1mSQL (0.0ms)[0m   [0;1mINSERT INTO schema_migrations (version) VALUES ('20101028232430')[0m
Migrating to CreateRecipeLists (20101028232509)
  [4;35;1mSQL (2.0ms)[0m   [0mCREATE TABLE "recipe_lists" ("id" INTEGER PRIMARY KEY AUTOINCREMENT NOT NULL, "created_at" datetime, "updated_at" datetime) [0m
  [4;36;1mSQL (1.0ms)[0m   [0;1mINSERT INTO schema_migrations (version) VALUES ('20101028232509')[0m
Migrating to CreateGroceryLists (20101028232528)
  [4;35;1mSQL (2.0ms)[0m   [0mCREATE TABLE "grocery_lists" ("id" INTEGER PRIMARY KEY AUTOINCREMENT NOT NULL, "created_at" datetime, "updated_at" datetime) [0m
  [4;36;1mSQL (0.0ms)[0m   [0;1mINSERT INTO schema_migrations (version) VALUES ('20101028232528')[0m
  [4;35;1mSQL (0.0ms)[0m   [0m SELECT name
 FROM sqlite_master
 WHERE type = 'table' AND NOT name = 'sqlite_sequence'
[0m
  [4;36;1mSQL (1.0ms)[0m   [0;1mSELECT version FROM schema_migrations[0m
  [4;35;1mSQL (0.0ms)[0m   [0m SELECT name
 FROM sqlite_master
 WHERE type = 'table' AND NOT name = 'sqlite_sequence'
[0m
  [4;36;1mSQL (0.0ms)[0m   [0;1mPRAGMA index_list("grocery_lists")[0m
  [4;35;1mSQL (0.0ms)[0m   [0mPRAGMA index_list("ingredients")[0m
  [4;36;1mSQL (0.0ms)[0m   [0;1mPRAGMA index_list("recipe_lists")[0m
  [4;35;1mSQL (0.0ms)[0m   [0mPRAGMA index_list("recipes")[0m
  [4;36;1mSQL (0.0ms)[0m   [0;1mPRAGMA index_list("reviews")[0m


Processing ReviewsController#index (for 127.0.0.1 at 2010-10-28 17:37:38) [GET]
  [4;35;1mReview Load (1.0ms)[0m   [0mSELECT * FROM "reviews" [0m
Rendering template within layouts/reviews
Rendering reviews/index
Completed in 17ms (View: 8, DB: 1) | 200 OK [http://localhost/reviews/]


Processing ReviewsController#index (for 127.0.0.1 at 2010-10-28 17:37:55) [GET]
  [4;36;1mReview Load (1.0ms)[0m   [0;1mSELECT * FROM "reviews" [0m
Rendering template within layouts/reviews
Rendering reviews/index
Completed in 22ms (View: 8, DB: 1) | 200 OK [http://localhost/reviews/]


Processing ReviewsController#new (for 127.0.0.1 at 2010-10-28 17:37:57) [GET]
Rendering template within layouts/reviews
Rendering reviews/new

ActionView::TemplateError (undefined method `rating' for #<Review:0x871c6f8>) on line #16 of app/views/reviews/new.html.erb:
13:   </p>
14:   <p>
15:     <%= f.label :rating %><br />
16:     <%= f.text_field :rating %>
17:   </p>
18:   <p>
19:     <%= f.label :recipe_id %><br />

    app/views/reviews/new.html.erb:16
    app/views/reviews/new.html.erb:3
    app/controllers/reviews_controller.rb:29:in `new'
    C:/Ruby187/lib/ruby/1.8/webrick/httpserver.rb:104:in `service'
    C:/Ruby187/lib/ruby/1.8/webrick/httpserver.rb:65:in `run'
    C:/Ruby187/lib/ruby/1.8/webrick/server.rb:173:in `start_thread'
    C:/Ruby187/lib/ruby/1.8/webrick/server.rb:162:in `start'
    C:/Ruby187/lib/ruby/1.8/webrick/server.rb:162:in `start_thread'
    C:/Ruby187/lib/ruby/1.8/webrick/server.rb:95:in `start'
    C:/Ruby187/lib/ruby/1.8/webrick/server.rb:92:in `each'
    C:/Ruby187/lib/ruby/1.8/webrick/server.rb:92:in `start'
    C:/Ruby187/lib/ruby/1.8/webrick/server.rb:23:in `start'
    C:/Ruby187/lib/ruby/1.8/webrick/server.rb:82:in `start'

Rendered rescues/_trace (58.0ms)
Rendered rescues/_request_and_response (0.0ms)
Rendering rescues/layout (internal_server_error)
  [4;36;1mSQL (1.0ms)[0m   [0;1m SELECT name
 FROM sqlite_master
 WHERE type = 'table' AND NOT name = 'sqlite_sequence'
[0m
  [4;35;1mSQL (1.0ms)[0m   [0mSELECT version FROM schema_migrations[0m
  [4;36;1mSQL (0.0ms)[0m   [0;1m SELECT name
 FROM sqlite_master
 WHERE type = 'table' AND NOT name = 'sqlite_sequence'
[0m
  [4;35;1mSQL (0.0ms)[0m   [0mSELECT version FROM schema_migrations[0m
Migrating to CreateGroceryLists (20101028232528)
  [4;36;1mSQL (0.0ms)[0m   [0;1mselect sqlite_version(*)[0m
  [4;35;1mSQL (4.0ms)[0m   [0mDROP TABLE "grocery_lists"[0m
  [4;36;1mSQL (0.0ms)[0m   [0;1mDELETE FROM schema_migrations WHERE version = '20101028232528'[0m
  [4;35;1mSQL (1.0ms)[0m   [0m SELECT name
 FROM sqlite_master
 WHERE type = 'table' AND NOT name = 'sqlite_sequence'
[0m
  [4;36;1mSQL (0.0ms)[0m   [0;1mSELECT version FROM schema_migrations[0m
  [4;35;1mSQL (0.0ms)[0m   [0m SELECT name
 FROM sqlite_master
 WHERE type = 'table' AND NOT name = 'sqlite_sequence'
[0m
  [4;36;1mSQL (0.0ms)[0m   [0;1mPRAGMA index_list("ingredients")[0m
  [4;35;1mSQL (0.0ms)[0m   [0mPRAGMA index_list("recipe_lists")[0m
  [4;36;1mSQL (0.0ms)[0m   [0;1mPRAGMA index_list("recipes")[0m
  [4;35;1mSQL (0.0ms)[0m   [0mPRAGMA index_list("reviews")[0m
  [4;36;1mSQL (1.0ms)[0m   [0;1m SELECT name
 FROM sqlite_master
 WHERE type = 'table' AND NOT name = 'sqlite_sequence'
[0m
  [4;35;1mSQL (0.0ms)[0m   [0mSELECT version FROM schema_migrations[0m
  [4;36;1mSQL (0.0ms)[0m   [0;1m SELECT name
 FROM sqlite_master
 WHERE type = 'table' AND NOT name = 'sqlite_sequence'
[0m
  [4;35;1mSQL (1.0ms)[0m   [0mSELECT version FROM schema_migrations[0m
Migrating to CreateRecipeLists (20101028232509)
  [4;36;1mSQL (0.0ms)[0m   [0;1mselect sqlite_version(*)[0m
  [4;35;1mSQL (3.0ms)[0m   [0mDROP TABLE "recipe_lists"[0m
  [4;36;1mSQL (0.0ms)[0m   [0;1mDELETE FROM schema_migrations WHERE version = '20101028232509'[0m
  [4;35;1mSQL (0.0ms)[0m   [0m SELECT name
 FROM sqlite_master
 WHERE type = 'table' AND NOT name = 'sqlite_sequence'
[0m
  [4;36;1mSQL (0.0ms)[0m   [0;1mSELECT version FROM schema_migrations[0m
  [4;35;1mSQL (0.0ms)[0m   [0m SELECT name
 FROM sqlite_master
 WHERE type = 'table' AND NOT name = 'sqlite_sequence'
[0m
  [4;36;1mSQL (0.0ms)[0m   [0;1mPRAGMA index_list("ingredients")[0m
  [4;35;1mSQL (0.0ms)[0m   [0mPRAGMA index_list("recipes")[0m
  [4;36;1mSQL (0.0ms)[0m   [0;1mPRAGMA index_list("reviews")[0m
  [4;36;1mSQL (1.0ms)[0m   [0;1m SELECT name
 FROM sqlite_master
 WHERE type = 'table' AND NOT name = 'sqlite_sequence'
[0m
  [4;35;1mSQL (0.0ms)[0m   [0mSELECT version FROM schema_migrations[0m
Migrating to CreateRecipes (20101028231539)
Migrating to CreateIngredients (20101028231900)
Migrating to CreateReviews (20101028232430)
Migrating to CreateRecipeLists (20101028232509)
  [4;36;1mSQL (0.0ms)[0m   [0;1mselect sqlite_version(*)[0m
  [4;35;1mSQL (3.0ms)[0m   [0mCREATE TABLE "recipe_lists" ("id" INTEGER PRIMARY KEY AUTOINCREMENT NOT NULL, "created_at" datetime, "updated_at" datetime) [0m
  [4;36;1mSQL (0.0ms)[0m   [0;1mINSERT INTO schema_migrations (version) VALUES ('20101028232509')[0m
Migrating to CreateGroceryLists (20101028232528)
  [4;35;1mSQL (2.0ms)[0m   [0mCREATE TABLE "grocery_lists" ("id" INTEGER PRIMARY KEY AUTOINCREMENT NOT NULL, "created_at" datetime, "updated_at" datetime) [0m
  [4;36;1mSQL (0.0ms)[0m   [0;1mINSERT INTO schema_migrations (version) VALUES ('20101028232528')[0m
  [4;35;1mSQL (0.0ms)[0m   [0m SELECT name
 FROM sqlite_master
 WHERE type = 'table' AND NOT name = 'sqlite_sequence'
[0m
  [4;36;1mSQL (0.0ms)[0m   [0;1mSELECT version FROM schema_migrations[0m
  [4;35;1mSQL (0.0ms)[0m   [0m SELECT name
 FROM sqlite_master
 WHERE type = 'table' AND NOT name = 'sqlite_sequence'
[0m
  [4;36;1mSQL (0.0ms)[0m   [0;1mPRAGMA index_list("grocery_lists")[0m
  [4;35;1mSQL (0.0ms)[0m   [0mPRAGMA index_list("ingredients")[0m
  [4;36;1mSQL (0.0ms)[0m   [0;1mPRAGMA index_list("recipe_lists")[0m
  [4;35;1mSQL (1.0ms)[0m   [0mPRAGMA index_list("recipes")[0m
  [4;36;1mSQL (0.0ms)[0m   [0;1mPRAGMA index_list("reviews")[0m


Processing ReviewsController#index (for 127.0.0.1 at 2010-10-28 17:42:02) [GET]
  [4;35;1mReview Load (1.0ms)[0m   [0mSELECT * FROM "reviews" [0m
Rendering template within layouts/reviews
Rendering reviews/index
Completed in 13ms (View: 3, DB: 1) | 200 OK [http://localhost/reviews]


Processing ReviewsController#new (for 127.0.0.1 at 2010-10-28 17:42:04) [GET]
Rendering template within layouts/reviews
Rendering reviews/new

ActionView::TemplateError (undefined method `rating' for #<Review:0x88a2fc8>) on line #16 of app/views/reviews/new.html.erb:
13:   </p>
14:   <p>
15:     <%= f.label :rating %><br />
16:     <%= f.text_field :rating %>
17:   </p>
18:   <p>
19:     <%= f.label :recipe_id %><br />

    app/views/reviews/new.html.erb:16
    app/views/reviews/new.html.erb:3
    app/controllers/reviews_controller.rb:29:in `new'
    C:/Ruby187/lib/ruby/1.8/webrick/httpserver.rb:104:in `service'
    C:/Ruby187/lib/ruby/1.8/webrick/httpserver.rb:65:in `run'
    C:/Ruby187/lib/ruby/1.8/webrick/server.rb:173:in `start_thread'
    C:/Ruby187/lib/ruby/1.8/webrick/server.rb:162:in `start'
    C:/Ruby187/lib/ruby/1.8/webrick/server.rb:162:in `start_thread'
    C:/Ruby187/lib/ruby/1.8/webrick/server.rb:95:in `start'
    C:/Ruby187/lib/ruby/1.8/webrick/server.rb:92:in `each'
    C:/Ruby187/lib/ruby/1.8/webrick/server.rb:92:in `start'
    C:/Ruby187/lib/ruby/1.8/webrick/server.rb:23:in `start'
    C:/Ruby187/lib/ruby/1.8/webrick/server.rb:82:in `start'

Rendered rescues/_trace (61.0ms)
Rendered rescues/_request_and_response (0.0ms)
Rendering rescues/layout (internal_server_error)
  [4;36;1mSQL (1.0ms)[0m   [0;1m SELECT name
 FROM sqlite_master
 WHERE type = 'table' AND NOT name = 'sqlite_sequence'
[0m
  [4;35;1mSQL (0.0ms)[0m   [0mSELECT version FROM schema_migrations[0m
Migrating to CreateRecipes (20101028231539)
Migrating to CreateIngredients (20101028231900)
Migrating to CreateReviews (20101028232430)
Migrating to CreateRecipeLists (20101028232509)
Migrating to CreateGroceryLists (20101028232528)
  [4;36;1mSQL (1.0ms)[0m   [0;1mselect sqlite_version(*)[0m
  [4;35;1mSQL (0.0ms)[0m   [0m SELECT name
 FROM sqlite_master
 WHERE type = 'table' AND NOT name = 'sqlite_sequence'
[0m
  [4;36;1mSQL (0.0ms)[0m   [0;1mSELECT version FROM schema_migrations[0m
  [4;35;1mSQL (0.0ms)[0m   [0m SELECT name
 FROM sqlite_master
 WHERE type = 'table' AND NOT name = 'sqlite_sequence'
[0m
  [4;36;1mSQL (0.0ms)[0m   [0;1mPRAGMA index_list("grocery_lists")[0m
  [4;35;1mSQL (0.0ms)[0m   [0mPRAGMA index_list("ingredients")[0m
  [4;36;1mSQL (0.0ms)[0m   [0;1mPRAGMA index_list("recipe_lists")[0m
  [4;35;1mSQL (0.0ms)[0m   [0mPRAGMA index_list("recipes")[0m
  [4;36;1mSQL (0.0ms)[0m   [0;1mPRAGMA index_list("reviews")[0m
  [4;36;1mSQL (1.0ms)[0m   [0;1m SELECT name
 FROM sqlite_master
 WHERE type = 'table' AND NOT name = 'sqlite_sequence'
[0m
  [4;35;1mSQL (0.0ms)[0m   [0mSELECT version FROM schema_migrations[0m
  [4;36;1mSQL (0.0ms)[0m   [0;1m SELECT name
 FROM sqlite_master
 WHERE type = 'table' AND NOT name = 'sqlite_sequence'
[0m
  [4;35;1mSQL (0.0ms)[0m   [0mSELECT version FROM schema_migrations[0m
Migrating to CreateGroceryLists (20101028232528)
  [4;36;1mSQL (0.0ms)[0m   [0;1mselect sqlite_version(*)[0m
  [4;35;1mSQL (3.0ms)[0m   [0mDROP TABLE "grocery_lists"[0m
  [4;36;1mSQL (0.0ms)[0m   [0;1mDELETE FROM schema_migrations WHERE version = '20101028232528'[0m
  [4;35;1mSQL (0.0ms)[0m   [0m SELECT name
 FROM sqlite_master
 WHERE type = 'table' AND NOT name = 'sqlite_sequence'
[0m
  [4;36;1mSQL (0.0ms)[0m   [0;1mSELECT version FROM schema_migrations[0m
  [4;35;1mSQL (1.0ms)[0m   [0m SELECT name
 FROM sqlite_master
 WHERE type = 'table' AND NOT name = 'sqlite_sequence'
[0m
  [4;36;1mSQL (0.0ms)[0m   [0;1mPRAGMA index_list("ingredients")[0m
  [4;35;1mSQL (0.0ms)[0m   [0mPRAGMA index_list("recipe_lists")[0m
  [4;36;1mSQL (0.0ms)[0m   [0;1mPRAGMA index_list("recipes")[0m
  [4;35;1mSQL (0.0ms)[0m   [0mPRAGMA index_list("reviews")[0m
  [4;36;1mSQL (1.0ms)[0m   [0;1m SELECT name
 FROM sqlite_master
 WHERE type = 'table' AND NOT name = 'sqlite_sequence'
[0m
  [4;35;1mSQL (1.0ms)[0m   [0mSELECT version FROM schema_migrations[0m
  [4;36;1mSQL (0.0ms)[0m   [0;1m SELECT name
 FROM sqlite_master
 WHERE type = 'table' AND NOT name = 'sqlite_sequence'
[0m
  [4;35;1mSQL (0.0ms)[0m   [0mSELECT version FROM schema_migrations[0m
Migrating to CreateRecipeLists (20101028232509)
  [4;36;1mSQL (0.0ms)[0m   [0;1mselect sqlite_version(*)[0m
  [4;35;1mSQL (4.0ms)[0m   [0mDROP TABLE "recipe_lists"[0m
  [4;36;1mSQL (0.0ms)[0m   [0;1mDELETE FROM schema_migrations WHERE version = '20101028232509'[0m
  [4;35;1mSQL (1.0ms)[0m   [0m SELECT name
 FROM sqlite_master
 WHERE type = 'table' AND NOT name = 'sqlite_sequence'
[0m
  [4;36;1mSQL (0.0ms)[0m   [0;1mSELECT version FROM schema_migrations[0m
  [4;35;1mSQL (1.0ms)[0m   [0m SELECT name
 FROM sqlite_master
 WHERE type = 'table' AND NOT name = 'sqlite_sequence'
[0m
  [4;36;1mSQL (0.0ms)[0m   [0;1mPRAGMA index_list("ingredients")[0m
  [4;35;1mSQL (0.0ms)[0m   [0mPRAGMA index_list("recipes")[0m
  [4;36;1mSQL (0.0ms)[0m   [0;1mPRAGMA index_list("reviews")[0m
  [4;36;1mSQL (1.0ms)[0m   [0;1m SELECT name
 FROM sqlite_master
 WHERE type = 'table' AND NOT name = 'sqlite_sequence'
[0m
  [4;35;1mSQL (0.0ms)[0m   [0mSELECT version FROM schema_migrations[0m
  [4;36;1mSQL (1.0ms)[0m   [0;1m SELECT name
 FROM sqlite_master
 WHERE type = 'table' AND NOT name = 'sqlite_sequence'
[0m
  [4;35;1mSQL (1.0ms)[0m   [0mSELECT version FROM schema_migrations[0m
Migrating to CreateReviews (20101028232430)
  [4;36;1mSQL (0.0ms)[0m   [0;1mselect sqlite_version(*)[0m
  [4;35;1mSQL (3.0ms)[0m   [0mDROP TABLE "reviews"[0m
  [4;36;1mSQL (0.0ms)[0m   [0;1mDELETE FROM schema_migrations WHERE version = '20101028232430'[0m
  [4;35;1mSQL (1.0ms)[0m   [0m SELECT name
 FROM sqlite_master
 WHERE type = 'table' AND NOT name = 'sqlite_sequence'
[0m
  [4;36;1mSQL (0.0ms)[0m   [0;1mSELECT version FROM schema_migrations[0m
  [4;35;1mSQL (0.0ms)[0m   [0m SELECT name
 FROM sqlite_master
 WHERE type = 'table' AND NOT name = 'sqlite_sequence'
[0m
  [4;36;1mSQL (0.0ms)[0m   [0;1mPRAGMA index_list("ingredients")[0m
  [4;35;1mSQL (0.0ms)[0m   [0mPRAGMA index_list("recipes")[0m
  [4;36;1mSQL (1.0ms)[0m   [0;1m SELECT name
 FROM sqlite_master
 WHERE type = 'table' AND NOT name = 'sqlite_sequence'
[0m
  [4;35;1mSQL (0.0ms)[0m   [0mSELECT version FROM schema_migrations[0m
Migrating to CreateRecipes (20101028231539)
Migrating to CreateIngredients (20101028231900)
Migrating to CreateReviews (20101028232430)
  [4;36;1mSQL (0.0ms)[0m   [0;1mselect sqlite_version(*)[0m
  [4;35;1mSQL (3.0ms)[0m   [0mCREATE TABLE "reviews" ("id" INTEGER PRIMARY KEY AUTOINCREMENT NOT NULL, "title" varchar(255), "review" text, "rating" text, "recipe_id" integer, "created_at" datetime, "updated_at" datetime) [0m
  [4;36;1mSQL (0.0ms)[0m   [0;1mINSERT INTO schema_migrations (version) VALUES ('20101028232430')[0m
Migrating to CreateRecipeLists (20101028232509)
  [4;35;1mSQL (2.0ms)[0m   [0mCREATE TABLE "recipe_lists" ("id" INTEGER PRIMARY KEY AUTOINCREMENT NOT NULL, "created_at" datetime, "updated_at" datetime) [0m
  [4;36;1mSQL (1.0ms)[0m   [0;1mINSERT INTO schema_migrations (version) VALUES ('20101028232509')[0m
Migrating to CreateGroceryLists (20101028232528)
  [4;35;1mSQL (2.0ms)[0m   [0mCREATE TABLE "grocery_lists" ("id" INTEGER PRIMARY KEY AUTOINCREMENT NOT NULL, "created_at" datetime, "updated_at" datetime) [0m
  [4;36;1mSQL (0.0ms)[0m   [0;1mINSERT INTO schema_migrations (version) VALUES ('20101028232528')[0m
  [4;35;1mSQL (0.0ms)[0m   [0m SELECT name
 FROM sqlite_master
 WHERE type = 'table' AND NOT name = 'sqlite_sequence'
[0m
  [4;36;1mSQL (0.0ms)[0m   [0;1mSELECT version FROM schema_migrations[0m
  [4;35;1mSQL (0.0ms)[0m   [0m SELECT name
 FROM sqlite_master
 WHERE type = 'table' AND NOT name = 'sqlite_sequence'
[0m
  [4;36;1mSQL (0.0ms)[0m   [0;1mPRAGMA index_list("grocery_lists")[0m
  [4;35;1mSQL (1.0ms)[0m   [0mPRAGMA index_list("ingredients")[0m
  [4;36;1mSQL (0.0ms)[0m   [0;1mPRAGMA index_list("recipe_lists")[0m
  [4;35;1mSQL (0.0ms)[0m   [0mPRAGMA index_list("recipes")[0m
  [4;36;1mSQL (0.0ms)[0m   [0;1mPRAGMA index_list("reviews")[0m


Processing ReviewsController#index (for 127.0.0.1 at 2010-10-28 17:48:32) [GET]
  [4;36;1mReview Load (1.0ms)[0m   [0;1mSELECT * FROM "reviews" [0m
Rendering template within layouts/reviews
Rendering reviews/index
Completed in 13ms (View: 3, DB: 1) | 200 OK [http://localhost/reviews]


Processing ReviewsController#new (for 127.0.0.1 at 2010-10-28 17:48:33) [GET]
Rendering template within layouts/reviews
Rendering reviews/new
Completed in 25ms (View: 15, DB: 0) | 200 OK [http://localhost/reviews/new]
  [4;36;1mSQL (1.0ms)[0m   [0;1m SELECT name
 FROM sqlite_master
 WHERE type = 'table' AND NOT name = 'sqlite_sequence'
[0m
  [4;35;1mSQL (1.0ms)[0m   [0mSELECT version FROM schema_migrations[0m
  [4;36;1mSQL (0.0ms)[0m   [0;1m SELECT name
 FROM sqlite_master
 WHERE type = 'table' AND NOT name = 'sqlite_sequence'
[0m
  [4;35;1mSQL (0.0ms)[0m   [0mSELECT version FROM schema_migrations[0m
Migrating to CreateGroceryLists (20101028232528)
  [4;36;1mSQL (0.0ms)[0m   [0;1mselect sqlite_version(*)[0m
  [4;35;1mSQL (3.0ms)[0m   [0mDROP TABLE "grocery_lists"[0m
  [4;36;1mSQL (0.0ms)[0m   [0;1mDELETE FROM schema_migrations WHERE version = '20101028232528'[0m
  [4;35;1mSQL (1.0ms)[0m   [0m SELECT name
 FROM sqlite_master
 WHERE type = 'table' AND NOT name = 'sqlite_sequence'
[0m
  [4;36;1mSQL (0.0ms)[0m   [0;1mSELECT version FROM schema_migrations[0m
  [4;35;1mSQL (1.0ms)[0m   [0m SELECT name
 FROM sqlite_master
 WHERE type = 'table' AND NOT name = 'sqlite_sequence'
[0m
  [4;36;1mSQL (0.0ms)[0m   [0;1mPRAGMA index_list("ingredients")[0m
  [4;35;1mSQL (0.0ms)[0m   [0mPRAGMA index_list("recipe_lists")[0m
  [4;36;1mSQL (0.0ms)[0m   [0;1mPRAGMA index_list("recipes")[0m
  [4;35;1mSQL (0.0ms)[0m   [0mPRAGMA index_list("reviews")[0m
  [4;36;1mSQL (1.0ms)[0m   [0;1m SELECT name
 FROM sqlite_master
 WHERE type = 'table' AND NOT name = 'sqlite_sequence'
[0m
  [4;35;1mSQL (0.0ms)[0m   [0mSELECT version FROM schema_migrations[0m
  [4;36;1mSQL (0.0ms)[0m   [0;1m SELECT name
 FROM sqlite_master
 WHERE type = 'table' AND NOT name = 'sqlite_sequence'
[0m
  [4;35;1mSQL (0.0ms)[0m   [0mSELECT version FROM schema_migrations[0m
Migrating to CreateRecipeLists (20101028232509)
  [4;36;1mSQL (0.0ms)[0m   [0;1mselect sqlite_version(*)[0m
  [4;35;1mSQL (4.0ms)[0m   [0mDROP TABLE "recipe_lists"[0m
  [4;36;1mSQL (0.0ms)[0m   [0;1mDELETE FROM schema_migrations WHERE version = '20101028232509'[0m
  [4;35;1mSQL (0.0ms)[0m   [0m SELECT name
 FROM sqlite_master
 WHERE type = 'table' AND NOT name = 'sqlite_sequence'
[0m
  [4;36;1mSQL (1.0ms)[0m   [0;1mSELECT version FROM schema_migrations[0m
  [4;35;1mSQL (0.0ms)[0m   [0m SELECT name
 FROM sqlite_master
 WHERE type = 'table' AND NOT name = 'sqlite_sequence'
[0m
  [4;36;1mSQL (0.0ms)[0m   [0;1mPRAGMA index_list("ingredients")[0m
  [4;35;1mSQL (0.0ms)[0m   [0mPRAGMA index_list("recipes")[0m
  [4;36;1mSQL (0.0ms)[0m   [0;1mPRAGMA index_list("reviews")[0m
  [4;36;1mSQL (1.0ms)[0m   [0;1m SELECT name
 FROM sqlite_master
 WHERE type = 'table' AND NOT name = 'sqlite_sequence'
[0m
  [4;35;1mSQL (0.0ms)[0m   [0mSELECT version FROM schema_migrations[0m
  [4;36;1mSQL (0.0ms)[0m   [0;1m SELECT name
 FROM sqlite_master
 WHERE type = 'table' AND NOT name = 'sqlite_sequence'
[0m
  [4;35;1mSQL (1.0ms)[0m   [0mSELECT version FROM schema_migrations[0m
Migrating to CreateReviews (20101028232430)
  [4;36;1mSQL (0.0ms)[0m   [0;1mselect sqlite_version(*)[0m
  [4;35;1mSQL (4.0ms)[0m   [0mDROP TABLE "reviews"[0m
  [4;36;1mSQL (0.0ms)[0m   [0;1mDELETE FROM schema_migrations WHERE version = '20101028232430'[0m
  [4;35;1mSQL (1.0ms)[0m   [0m SELECT name
 FROM sqlite_master
 WHERE type = 'table' AND NOT name = 'sqlite_sequence'
[0m
  [4;36;1mSQL (0.0ms)[0m   [0;1mSELECT version FROM schema_migrations[0m
  [4;35;1mSQL (0.0ms)[0m   [0m SELECT name
 FROM sqlite_master
 WHERE type = 'table' AND NOT name = 'sqlite_sequence'
[0m
  [4;36;1mSQL (0.0ms)[0m   [0;1mPRAGMA index_list("ingredients")[0m
  [4;35;1mSQL (0.0ms)[0m   [0mPRAGMA index_list("recipes")[0m
  [4;36;1mSQL (0.0ms)[0m   [0;1m SELECT name
 FROM sqlite_master
 WHERE type = 'table' AND NOT name = 'sqlite_sequence'
[0m
  [4;35;1mSQL (1.0ms)[0m   [0mSELECT version FROM schema_migrations[0m
Migrating to CreateRecipes (20101028231539)
Migrating to CreateIngredients (20101028231900)
Migrating to CreateReviews (20101028232430)
  [4;36;1mSQL (1.0ms)[0m   [0;1mselect sqlite_version(*)[0m
  [4;35;1mSQL (2.0ms)[0m   [0mCREATE TABLE "reviews" ("id" INTEGER PRIMARY KEY AUTOINCREMENT NOT NULL, "title" varchar(255), "review" text, "rating" integer, "recipe_id" integer, "created_at" datetime, "updated_at" datetime) [0m
  [4;36;1mSQL (0.0ms)[0m   [0;1mINSERT INTO schema_migrations (version) VALUES ('20101028232430')[0m
Migrating to CreateRecipeLists (20101028232509)
  [4;35;1mSQL (3.0ms)[0m   [0mCREATE TABLE "recipe_lists" ("id" INTEGER PRIMARY KEY AUTOINCREMENT NOT NULL, "created_at" datetime, "updated_at" datetime) [0m
  [4;36;1mSQL (0.0ms)[0m   [0;1mINSERT INTO schema_migrations (version) VALUES ('20101028232509')[0m
Migrating to CreateGroceryLists (20101028232528)
  [4;35;1mSQL (2.0ms)[0m   [0mCREATE TABLE "grocery_lists" ("id" INTEGER PRIMARY KEY AUTOINCREMENT NOT NULL, "created_at" datetime, "updated_at" datetime) [0m
  [4;36;1mSQL (0.0ms)[0m   [0;1mINSERT INTO schema_migrations (version) VALUES ('20101028232528')[0m
  [4;35;1mSQL (0.0ms)[0m   [0m SELECT name
 FROM sqlite_master
 WHERE type = 'table' AND NOT name = 'sqlite_sequence'
[0m
  [4;36;1mSQL (1.0ms)[0m   [0;1mSELECT version FROM schema_migrations[0m
  [4;35;1mSQL (0.0ms)[0m   [0m SELECT name
 FROM sqlite_master
 WHERE type = 'table' AND NOT name = 'sqlite_sequence'
[0m
  [4;36;1mSQL (0.0ms)[0m   [0;1mPRAGMA index_list("grocery_lists")[0m
  [4;35;1mSQL (0.0ms)[0m   [0mPRAGMA index_list("ingredients")[0m
  [4;36;1mSQL (0.0ms)[0m   [0;1mPRAGMA index_list("recipe_lists")[0m
  [4;35;1mSQL (0.0ms)[0m   [0mPRAGMA index_list("recipes")[0m
  [4;36;1mSQL (0.0ms)[0m   [0;1mPRAGMA index_list("reviews")[0m


Processing ReviewsController#new (for 127.0.0.1 at 2010-10-28 17:51:59) [GET]
Rendering template within layouts/reviews
Rendering reviews/new
Completed in 26ms (View: 16, DB: 0) | 200 OK [http://localhost/reviews/new]


Processing ReviewsController#index (for 127.0.0.1 at 2010-10-28 17:52:01) [GET]
  [4;35;1mReview Load (1.0ms)[0m   [0mSELECT * FROM "reviews" [0m
Rendering template within layouts/reviews
Rendering reviews/index
Completed in 14ms (View: 3, DB: 1) | 200 OK [http://localhost/reviews]


Processing ReviewsController#new (for 127.0.0.1 at 2010-10-28 17:52:03) [GET]
Rendering template within layouts/reviews
Rendering reviews/new
Completed in 25ms (View: 14, DB: 0) | 200 OK [http://localhost/reviews/new]


Processing ReviewsController#create (for 127.0.0.1 at 2010-10-28 17:52:28) [POST]
  Parameters: {"commit"=>"Create", "authenticity_token"=>"yiLkApZAvnEw1BmNznnUqFEapgqr5pHLavQvsD2C72A=", "review"=>{"rating"=>"4", "title"=>"SOOOO GOOD", "recipe_id"=>"1", "review"=>"That ravioli is bomb."}}
  [4;36;1mReview Create (2.0ms)[0m   [0;1mINSERT INTO "reviews" ("rating", "created_at", "title", "recipe_id", "updated_at", "review") VALUES(4, '2010-10-29 00:52:28', 'SOOOO GOOD', 1, '2010-10-29 00:52:28', 'That ravioli is bomb.')[0m
Redirected to http://localhost:3000/reviews/1
Completed in 68ms (DB: 2) | 302 Found [http://localhost/reviews]


Processing ReviewsController#show (for 127.0.0.1 at 2010-10-28 17:52:28) [GET]
  Parameters: {"id"=>"1"}
  [4;35;1mReview Load (0.0ms)[0m   [0mSELECT * FROM "reviews" WHERE ("reviews"."id" = 1) [0m
Rendering template within layouts/reviews
Rendering reviews/show
Completed in 26ms (View: 13, DB: 0) | 200 OK [http://localhost/reviews/1]


Processing ReviewsController#index (for 127.0.0.1 at 2010-10-28 17:52:30) [GET]
  [4;36;1mReview Load (0.0ms)[0m   [0;1mSELECT * FROM "reviews" [0m
Rendering template within layouts/reviews
Rendering reviews/index
Completed in 18ms (View: 8, DB: 0) | 200 OK [http://localhost/reviews]


Processing RecipesController#index (for 127.0.0.1 at 2010-10-28 17:52:35) [GET]
  [4;35;1mRecipe Load (1.0ms)[0m   [0mSELECT * FROM "recipes" [0m
Rendering template within layouts/recipes
Rendering recipes/index
  [4;36;1mSQL (0.0ms)[0m   [0;1mSELECT count(*) AS count_all FROM "reviews" WHERE ("reviews".recipe_id = 1) [0m
Completed in 30ms (View: 18, DB: 1) | 200 OK [http://localhost/recipes]


Processing RecipesController#show (for 127.0.0.1 at 2010-10-28 17:52:36) [GET]
  Parameters: {"id"=>"1"}
  [4;35;1mRecipe Load (0.0ms)[0m   [0mSELECT * FROM "recipes" WHERE ("recipes"."id" = 1) [0m
Rendering template within layouts/recipes
Rendering recipes/show
  [4;36;1mReview Load (0.0ms)[0m   [0;1mSELECT * FROM "reviews" WHERE ("reviews".recipe_id = 1) [0m

ActionView::TemplateError (undefined method `stars' for #<Review:0x859a3b8>) on line #32 of app/views/recipes/show.html.erb:
29:   <tr>
30:     <td><%=h review.title %></td>
31:     <td><%=h review.review %></td>
32:     <td><%=h review.stars %></td>
33:   </tr>
34: <% end %>
35: 

    app/views/recipes/show.html.erb:32
    app/views/recipes/show.html.erb:28
    app/controllers/recipes_controller.rb:18:in `show'
    C:/Ruby187/lib/ruby/1.8/webrick/httpserver.rb:104:in `service'
    C:/Ruby187/lib/ruby/1.8/webrick/httpserver.rb:65:in `run'
    C:/Ruby187/lib/ruby/1.8/webrick/server.rb:173:in `start_thread'
    C:/Ruby187/lib/ruby/1.8/webrick/server.rb:162:in `start'
    C:/Ruby187/lib/ruby/1.8/webrick/server.rb:162:in `start_thread'
    C:/Ruby187/lib/ruby/1.8/webrick/server.rb:95:in `start'
    C:/Ruby187/lib/ruby/1.8/webrick/server.rb:92:in `each'
    C:/Ruby187/lib/ruby/1.8/webrick/server.rb:92:in `start'
    C:/Ruby187/lib/ruby/1.8/webrick/server.rb:23:in `start'
    C:/Ruby187/lib/ruby/1.8/webrick/server.rb:82:in `start'

Rendered rescues/_trace (111.0ms)
Rendered rescues/_request_and_response (0.0ms)
Rendering rescues/layout (internal_server_error)


Processing RecipesController#show (for 127.0.0.1 at 2010-10-28 17:52:56) [GET]
  Parameters: {"id"=>"1"}
  [4;35;1mRecipe Load (0.0ms)[0m   [0mSELECT * FROM "recipes" WHERE ("recipes"."id" = 1) [0m
Rendering template within layouts/recipes
Rendering recipes/show
  [4;36;1mReview Load (1.0ms)[0m   [0;1mSELECT * FROM "reviews" WHERE ("reviews".recipe_id = 1) [0m
Completed in 46ms (View: 22, DB: 1) | 200 OK [http://localhost/recipes/1]


Processing RecipesController#show (for 127.0.0.1 at 2010-10-28 17:53:19) [GET]
  Parameters: {"id"=>"1"}
  [4;35;1mRecipe Load (0.0ms)[0m   [0mSELECT * FROM "recipes" WHERE ("recipes"."id" = 1) [0m
Rendering template within layouts/recipes
Rendering recipes/show
  [4;36;1mReview Load (0.0ms)[0m   [0;1mSELECT * FROM "reviews" WHERE ("reviews".recipe_id = 1) [0m
Completed in 34ms (View: 22, DB: 0) | 200 OK [http://localhost/recipes/1]


Processing RecipesController#index (for 127.0.0.1 at 2010-10-28 17:53:35) [GET]
  [4;35;1mRecipe Load (1.0ms)[0m   [0mSELECT * FROM "recipes" [0m
Rendering template within layouts/recipes
Rendering recipes/index
  [4;36;1mSQL (0.0ms)[0m   [0;1mSELECT count(*) AS count_all FROM "reviews" WHERE ("reviews".recipe_id = 1) [0m
Completed in 35ms (View: 21, DB: 1) | 200 OK [http://localhost/recipes]


Processing RecipesController#show (for 127.0.0.1 at 2010-10-28 17:53:37) [GET]
  Parameters: {"id"=>"1"}
  [4;35;1mRecipe Load (1.0ms)[0m   [0mSELECT * FROM "recipes" WHERE ("recipes"."id" = 1) [0m
Rendering template within layouts/recipes
Rendering recipes/show
  [4;36;1mReview Load (0.0ms)[0m   [0;1mSELECT * FROM "reviews" WHERE ("reviews".recipe_id = 1) [0m
Completed in 34ms (View: 20, DB: 1) | 200 OK [http://localhost/recipes/1]


Processing RecipesController#show (for 127.0.0.1 at 2010-10-28 17:56:06) [GET]
  Parameters: {"id"=>"1"}
  [4;35;1mRecipe Load (1.0ms)[0m   [0mSELECT * FROM "recipes" WHERE ("recipes"."id" = 1) [0m
Rendering template within layouts/recipes
Rendering recipes/show
  [4;36;1mReview Load (0.0ms)[0m   [0;1mSELECT * FROM "reviews" WHERE ("reviews".recipe_id = 1) [0m
Completed in 90ms (View: 77, DB: 1) | 200 OK [http://localhost/recipes/1]


Processing RecipesController#show (for 127.0.0.1 at 2010-10-28 17:56:12) [GET]
  Parameters: {"id"=>"1"}
  [4;35;1mRecipe Load (0.0ms)[0m   [0mSELECT * FROM "recipes" WHERE ("recipes"."id" = 1) [0m
Rendering template within layouts/recipes
Rendering recipes/show
  [4;36;1mReview Load (0.0ms)[0m   [0;1mSELECT * FROM "reviews" WHERE ("reviews".recipe_id = 1) [0m
Completed in 33ms (View: 21, DB: 0) | 200 OK [http://localhost/recipes/1]


Processing ReviewsController#new (for 127.0.0.1 at 2010-10-28 17:56:14) [GET]
Rendering template within layouts/reviews
Rendering reviews/new
Completed in 28ms (View: 18, DB: 0) | 200 OK [http://localhost/reviews/new]


Processing ReviewsController#new (for 127.0.0.1 at 2010-10-28 17:56:16) [GET]
Rendering template within layouts/reviews
Rendering reviews/new
Completed in 25ms (View: 15, DB: 0) | 200 OK [http://localhost/reviews/new]


Processing RecipesController#show (for 127.0.0.1 at 2010-10-28 17:56:41) [GET]
  Parameters: {"id"=>"1"}
  [4;35;1mRecipe Load (0.0ms)[0m   [0mSELECT * FROM "recipes" WHERE ("recipes"."id" = 1) [0m
Rendering template within layouts/recipes
Rendering recipes/show
  [4;36;1mReview Load (0.0ms)[0m   [0;1mSELECT * FROM "reviews" WHERE ("reviews".recipe_id = 1) [0m
Completed in 37ms (View: 23, DB: 0) | 200 OK [http://localhost/recipes/1]


Processing RecipesController#index (for 127.0.0.1 at 2010-10-28 17:56:48) [GET]
  [4;35;1mRecipe Load (1.0ms)[0m   [0mSELECT * FROM "recipes" [0m
Rendering template within layouts/recipes
Rendering recipes/index
  [4;36;1mSQL (1.0ms)[0m   [0;1mSELECT count(*) AS count_all FROM "reviews" WHERE ("reviews".recipe_id = 1) [0m
Completed in 31ms (View: 16, DB: 2) | 200 OK [http://localhost/recipes]


Processing RecipesController#show (for 127.0.0.1 at 2010-10-28 17:56:56) [GET]
  Parameters: {"id"=>"1"}
  [4;35;1mRecipe Load (1.0ms)[0m   [0mSELECT * FROM "recipes" WHERE ("recipes"."id" = 1) [0m
Rendering template within layouts/recipes
Rendering recipes/show
  [4;36;1mReview Load (0.0ms)[0m   [0;1mSELECT * FROM "reviews" WHERE ("reviews".recipe_id = 1) [0m
Completed in 29ms (View: 16, DB: 1) | 200 OK [http://localhost/recipes/1]


Processing ReviewsController#new (for 127.0.0.1 at 2010-10-28 17:57:00) [GET]
Rendering template within layouts/reviews
Rendering reviews/new
Completed in 26ms (View: 16, DB: 0) | 200 OK [http://localhost/reviews/new]


Processing ReviewsController#index (for 127.0.0.1 at 2010-10-28 21:58:22) [GET]
  [4;35;1mReview Load (1.0ms)[0m   [0mSELECT * FROM "reviews" [0m
Rendering template within layouts/reviews
Rendering reviews/index
Completed in 20ms (View: 9, DB: 1) | 200 OK [http://localhost/reviews]


Processing ReviewsController#show (for 127.0.0.1 at 2010-10-28 21:58:26) [GET]
  Parameters: {"id"=>"1"}
  [4;36;1mReview Load (0.0ms)[0m   [0;1mSELECT * FROM "reviews" WHERE ("reviews"."id" = 1) [0m
Rendering template within layouts/reviews
Rendering reviews/show
Completed in 17ms (View: 5, DB: 0) | 200 OK [http://localhost/reviews/1]


Processing ReviewsController#index (for 127.0.0.1 at 2010-10-28 21:58:28) [GET]
  [4;35;1mReview Load (1.0ms)[0m   [0mSELECT * FROM "reviews" [0m
Rendering template within layouts/reviews
Rendering reviews/index
Completed in 20ms (View: 9, DB: 1) | 200 OK [http://localhost/reviews]


Processing ReviewsController#index (for 127.0.0.1 at 2010-10-28 21:58:31) [GET]
  [4;36;1mReview Load (1.0ms)[0m   [0;1mSELECT * FROM "reviews" [0m
Rendering template within layouts/reviews
Rendering reviews/index
Completed in 21ms (View: 8, DB: 1) | 200 OK [http://localhost/reviews]


Processing RecipesController#index (for 127.0.0.1 at 2010-10-28 21:58:34) [GET]
  [4;35;1mRecipe Load (1.0ms)[0m   [0mSELECT * FROM "recipes" [0m
Rendering template within layouts/recipes
Rendering recipes/index
  [4;36;1mSQL (1.0ms)[0m   [0;1mSELECT count(*) AS count_all FROM "reviews" WHERE ("reviews".recipe_id = 1) [0m
Completed in 30ms (View: 17, DB: 2) | 200 OK [http://localhost/]


Processing RecipesController#show (for 127.0.0.1 at 2010-10-28 21:58:36) [GET]
  Parameters: {"id"=>"1"}
  [4;35;1mRecipe Load (0.0ms)[0m   [0mSELECT * FROM "recipes" WHERE ("recipes"."id" = 1) [0m
Rendering template within layouts/recipes
Rendering recipes/show
  [4;36;1mReview Load (0.0ms)[0m   [0;1mSELECT * FROM "reviews" WHERE ("reviews".recipe_id = 1) [0m
Completed in 27ms (View: 15, DB: 0) | 200 OK [http://localhost/recipes/1]


Processing ReviewsController#new (for 127.0.0.1 at 2010-10-28 21:58:56) [GET]
Rendering template within layouts/reviews
Rendering reviews/new
Completed in 71ms (View: 62, DB: 0) | 200 OK [http://localhost/reviews/new]


Processing RecipesController#index (for 127.0.0.1 at 2010-10-28 21:59:02) [GET]
  [4;35;1mRecipe Load (1.0ms)[0m   [0mSELECT * FROM "recipes" [0m
Rendering template within layouts/recipes
Rendering recipes/index
  [4;36;1mSQL (0.0ms)[0m   [0;1mSELECT count(*) AS count_all FROM "reviews" WHERE ("reviews".recipe_id = 1) [0m
Completed in 92ms (View: 19, DB: 1) | 200 OK [http://localhost/recipes]


Processing RecipesController#show (for 127.0.0.1 at 2010-10-28 21:59:04) [GET]
  Parameters: {"id"=>"1"}
  [4;35;1mRecipe Load (0.0ms)[0m   [0mSELECT * FROM "recipes" WHERE ("recipes"."id" = 1) [0m
Rendering template within layouts/recipes
Rendering recipes/show
  [4;36;1mReview Load (1.0ms)[0m   [0;1mSELECT * FROM "reviews" WHERE ("reviews".recipe_id = 1) [0m
Completed in 27ms (View: 14, DB: 1) | 200 OK [http://localhost/recipes/1]


Processing RecipesController#show (for 127.0.0.1 at 2010-10-28 21:59:19) [GET]
  Parameters: {"id"=>"1"}
  [4;35;1mRecipe Load (1.0ms)[0m   [0mSELECT * FROM "recipes" WHERE ("recipes"."id" = 1) [0m
Rendering template within layouts/recipes
Rendering recipes/show
  [4;36;1mReview Load (0.0ms)[0m   [0;1mSELECT * FROM "reviews" WHERE ("reviews".recipe_id = 1) [0m
Completed in 33ms (View: 21, DB: 1) | 200 OK [http://localhost/recipes/1]


Processing RecipesController#index (for 127.0.0.1 at 2010-10-28 21:59:21) [GET]
  [4;35;1mRecipe Load (1.0ms)[0m   [0mSELECT * FROM "recipes" [0m
Rendering template within layouts/recipes
Rendering recipes/index
  [4;36;1mSQL (1.0ms)[0m   [0;1mSELECT count(*) AS count_all FROM "reviews" WHERE ("reviews".recipe_id = 1) [0m
Completed in 28ms (View: 16, DB: 2) | 200 OK [http://localhost/recipes]


Processing RecipesController#show (for 127.0.0.1 at 2010-10-28 22:08:31) [GET]
  Parameters: {"id"=>"1"}
  [4;35;1mRecipe Load (0.0ms)[0m   [0mSELECT * FROM "recipes" WHERE ("recipes"."id" = 1) [0m
Rendering template within layouts/recipes
Rendering recipes/show
  [4;36;1mReview Load (0.0ms)[0m   [0;1mSELECT * FROM "reviews" WHERE ("reviews".recipe_id = 1) [0m
Completed in 34ms (View: 22, DB: 0) | 200 OK [http://localhost/recipes/1]


Processing ReviewsController#new (for 127.0.0.1 at 2010-10-28 22:41:32) [GET]
Rendering template within layouts/reviews
Rendering reviews/new
Completed in 26ms (View: 16, DB: 0) | 200 OK [http://localhost/reviews/new]


Processing RecipesController#index (for 127.0.0.1 at 2010-10-31 14:22:25) [GET]
  [4;36;1mRecipe Load (1.0ms)[0m   [0;1mSELECT * FROM "recipes" [0m
Rendering template within layouts/recipes
Rendering recipes/index
  [4;35;1mSQL (0.0ms)[0m   [0mSELECT count(*) AS count_all FROM "reviews" WHERE ("reviews".recipe_id = 1) [0m
Completed in 6150ms (View: 6068, DB: 1) | 200 OK [http://localhost/]


Processing RecipesController#search (for 127.0.0.1 at 2010-10-31 14:22:49) [POST]
  Parameters: {"commit"=>"Search", "authenticity_token"=>"SG7uzoAOh1DSWT36PQ3Fs5hFZ4k2vpR2eu7pQb0ccK0=", "input"=>"chef boyardee"}
  [4;36;1mRecipe Load (0.0ms)[0m   [0;1mSELECT * FROM "recipes" WHERE ("recipes"."title" = 'chef boyardee') [0m
Rendering template within layouts/recipes
Rendering recipes/search
Completed in 24ms (View: 10, DB: 0) | 200 OK [http://localhost/recipes/search]


Processing RecipesController#search (for 127.0.0.1 at 2010-10-31 14:22:54) [POST]
  Parameters: {"commit"=>"Search", "authenticity_token"=>"SG7uzoAOh1DSWT36PQ3Fs5hFZ4k2vpR2eu7pQb0ccK0=", "input"=>"Chef Boyardee"}
  [4;35;1mRecipe Load (1.0ms)[0m   [0mSELECT * FROM "recipes" WHERE ("recipes"."title" = 'Chef Boyardee') [0m
Rendering template within layouts/recipes
Rendering recipes/search
Completed in 20ms (View: 6, DB: 1) | 200 OK [http://localhost/recipes/search]


Processing RecipesController#search (for 127.0.0.1 at 2010-10-31 14:23:05) [POST]
  Parameters: {"commit"=>"Search", "authenticity_token"=>"SG7uzoAOh1DSWT36PQ3Fs5hFZ4k2vpR2eu7pQb0ccK0=", "input"=>"Chef Boyardee"}
  [4;36;1mRecipe Load (0.0ms)[0m   [0;1mSELECT * FROM "recipes" WHERE ("recipes"."title" = 'Chef Boyardee') [0m
Rendering template within layouts/recipes
Rendering recipes/search
Completed in 18ms (View: 5, DB: 0) | 200 OK [http://localhost/recipes/search]


Processing RecipesController#show (for 127.0.0.1 at 2010-10-31 14:23:19) [GET]
  Parameters: {"id"=>"1"}
  [4;35;1mRecipe Load (1.0ms)[0m   [0mSELECT * FROM "recipes" WHERE ("recipes"."id" = 1) [0m
Rendering template within layouts/recipes
Rendering recipes/show
  [4;36;1mReview Load (0.0ms)[0m   [0;1mSELECT * FROM "reviews" WHERE ("reviews".recipe_id = 1) [0m
Completed in 36ms (View: 22, DB: 1) | 200 OK [http://localhost/recipes/1]


Processing RecipesController#show (for 127.0.0.1 at 2010-10-31 14:24:43) [GET]
  Parameters: {"id"=>"1"}
  [4;35;1mRecipe Load (0.0ms)[0m   [0mSELECT * FROM "recipes" WHERE ("recipes"."id" = 1) [0m
Rendering template within layouts/recipes
Rendering recipes/show
  [4;36;1mReview Load (0.0ms)[0m   [0;1mSELECT * FROM "reviews" WHERE ("reviews".recipe_id = 1) [0m
Completed in 30ms (View: 16, DB: 0) | 200 OK [http://localhost/recipes/1]


Processing ReviewsController#new (for 127.0.0.1 at 2010-10-31 14:24:44) [GET]
Rendering template within layouts/reviews
Rendering reviews/new
Completed in 39ms (View: 27, DB: 0) | 200 OK [http://localhost/reviews/new]


Processing ReviewsController#index (for 127.0.0.1 at 2010-10-31 14:29:37) [GET]
  [4;35;1mReview Load (1.0ms)[0m   [0mSELECT * FROM "reviews" [0m
Rendering template within layouts/reviews
Rendering reviews/index
Completed in 25ms (View: 14, DB: 1) | 200 OK [http://localhost/reviews]


Processing ReviewsController#show (for 127.0.0.1 at 2010-10-31 14:29:50) [GET]
  Parameters: {"id"=>"1"}
  [4;36;1mReview Load (0.0ms)[0m   [0;1mSELECT * FROM "reviews" WHERE ("reviews"."id" = 1) [0m
Rendering template within layouts/reviews
Rendering reviews/show
Completed in 25ms (View: 12, DB: 0) | 200 OK [http://localhost/reviews/1]


Processing ReviewsController#index (for 127.0.0.1 at 2010-10-31 14:29:52) [GET]
  [4;35;1mReview Load (1.0ms)[0m   [0mSELECT * FROM "reviews" [0m
Rendering template within layouts/reviews
Rendering reviews/index
Completed in 21ms (View: 10, DB: 1) | 200 OK [http://localhost/reviews]


Processing RecipesController#index (for 127.0.0.1 at 2010-10-31 14:29:56) [GET]
  [4;36;1mRecipe Load (0.0ms)[0m   [0;1mSELECT * FROM "recipes" [0m
Rendering template within layouts/recipes
Rendering recipes/index
  [4;35;1mSQL (0.0ms)[0m   [0mSELECT count(*) AS count_all FROM "reviews" WHERE ("reviews".recipe_id = 1) [0m
Completed in 38ms (View: 24, DB: 0) | 200 OK [http://localhost/]


Processing RecipesController#show (for 127.0.0.1 at 2010-10-31 14:29:58) [GET]
  Parameters: {"id"=>"1"}
  [4;36;1mRecipe Load (0.0ms)[0m   [0;1mSELECT * FROM "recipes" WHERE ("recipes"."id" = 1) [0m
Rendering template within layouts/recipes
Rendering recipes/show
  [4;35;1mReview Load (1.0ms)[0m   [0mSELECT * FROM "reviews" WHERE ("reviews".recipe_id = 1) [0m

ActionView::TemplateError (undefined local variable or method `recipe' for #<ActionView::Base:0x85bc7e0>) on line #39 of app/views/recipes/show.html.erb:
36: 
37: <%= link_to 'Edit', edit_recipe_path(@recipe) %> |
38: <%= link_to 'Back', recipes_path %> | 
39: <%= link_to 'Add Review', new_review_path, :id=>recipe.id%>

    app/views/recipes/show.html.erb:39
    app/controllers/recipes_controller.rb:18:in `show'
    C:/Ruby187/lib/ruby/1.8/webrick/httpserver.rb:104:in `service'
    C:/Ruby187/lib/ruby/1.8/webrick/httpserver.rb:65:in `run'
    C:/Ruby187/lib/ruby/1.8/webrick/server.rb:173:in `start_thread'
    C:/Ruby187/lib/ruby/1.8/webrick/server.rb:162:in `start'
    C:/Ruby187/lib/ruby/1.8/webrick/server.rb:162:in `start_thread'
    C:/Ruby187/lib/ruby/1.8/webrick/server.rb:95:in `start'
    C:/Ruby187/lib/ruby/1.8/webrick/server.rb:92:in `each'
    C:/Ruby187/lib/ruby/1.8/webrick/server.rb:92:in `start'
    C:/Ruby187/lib/ruby/1.8/webrick/server.rb:23:in `start'
    C:/Ruby187/lib/ruby/1.8/webrick/server.rb:82:in `start'

Rendered rescues/_trace (60.0ms)
Rendered rescues/_request_and_response (2.0ms)
Rendering rescues/layout (internal_server_error)


Processing RecipesController#new (for 127.0.0.1 at 2010-10-31 14:30:09) [GET]
Rendering template within layouts/recipes
Rendering recipes/new
Completed in 91ms (View: 78, DB: 0) | 200 OK [http://localhost/recipes/new]


Processing RecipesController#show (for 127.0.0.1 at 2010-10-31 14:30:12) [GET]
  Parameters: {"id"=>"1"}
  [4;36;1mRecipe Load (0.0ms)[0m   [0;1mSELECT * FROM "recipes" WHERE ("recipes"."id" = 1) [0m
Rendering template within layouts/recipes
Rendering recipes/show
  [4;35;1mReview Load (1.0ms)[0m   [0mSELECT * FROM "reviews" WHERE ("reviews".recipe_id = 1) [0m
Completed in 35ms (View: 21, DB: 1) | 200 OK [http://localhost/recipes/1]


Processing ReviewsController#new (for 127.0.0.1 at 2010-10-31 14:32:08) [GET]
Rendering template within layouts/reviews
Rendering reviews/new
Completed in 30ms (View: 19, DB: 0) | 200 OK [http://localhost/reviews/new]


Processing ReviewsController#create (for 127.0.0.1 at 2010-10-31 14:32:26) [POST]
  Parameters: {"commit"=>"Create", "authenticity_token"=>"SG7uzoAOh1DSWT36PQ3Fs5hFZ4k2vpR2eu7pQb0ccK0=", "review"=>{"rating"=>"2", "title"=>"Dank", "review"=>"Holler at your boy"}}
  [4;36;1mReview Create (3.0ms)[0m   [0;1mINSERT INTO "reviews" ("rating", "created_at", "title", "recipe_id", "updated_at", "review") VALUES(2, '2010-10-31 21:32:26', 'Dank', NULL, '2010-10-31 21:32:26', 'Holler at your boy')[0m
Redirected to http://localhost:3000/reviews/2
Completed in 55ms (DB: 3) | 302 Found [http://localhost/reviews]


Processing ReviewsController#show (for 127.0.0.1 at 2010-10-31 14:32:26) [GET]
  Parameters: {"id"=>"2"}
  [4;35;1mReview Load (0.0ms)[0m   [0mSELECT * FROM "reviews" WHERE ("reviews"."id" = 2) [0m
Rendering template within layouts/reviews
Rendering reviews/show
Completed in 18ms (View: 5, DB: 0) | 200 OK [http://localhost/reviews/2]


Processing ReviewsController#index (for 127.0.0.1 at 2010-10-31 14:32:30) [GET]
  [4;36;1mReview Load (1.0ms)[0m   [0;1mSELECT * FROM "reviews" [0m
Rendering template within layouts/reviews
Rendering reviews/index
Completed in 24ms (View: 11, DB: 1) | 200 OK [http://localhost/reviews]


Processing RecipesController#index (for 127.0.0.1 at 2010-10-31 14:32:34) [GET]
  [4;35;1mRecipe Load (1.0ms)[0m   [0mSELECT * FROM "recipes" [0m
Rendering template within layouts/recipes
Rendering recipes/index
  [4;36;1mSQL (0.0ms)[0m   [0;1mSELECT count(*) AS count_all FROM "reviews" WHERE ("reviews".recipe_id = 1) [0m
Completed in 32ms (View: 19, DB: 1) | 200 OK [http://localhost/]


Processing RecipesController#show (for 127.0.0.1 at 2010-10-31 14:32:36) [GET]
  Parameters: {"id"=>"1"}
  [4;35;1mRecipe Load (0.0ms)[0m   [0mSELECT * FROM "recipes" WHERE ("recipes"."id" = 1) [0m
Rendering template within layouts/recipes
Rendering recipes/show
  [4;36;1mReview Load (0.0ms)[0m   [0;1mSELECT * FROM "reviews" WHERE ("reviews".recipe_id = 1) [0m
Completed in 30ms (View: 17, DB: 0) | 200 OK [http://localhost/recipes/1]


Processing RecipesController#show (for 127.0.0.1 at 2010-10-31 14:35:07) [GET]
  Parameters: {"id"=>"1"}
  [4;35;1mRecipe Load (0.0ms)[0m   [0mSELECT * FROM "recipes" WHERE ("recipes"."id" = 1) [0m
Rendering template within layouts/recipes
Rendering recipes/show
  [4;36;1mReview Load (0.0ms)[0m   [0;1mSELECT * FROM "reviews" WHERE ("reviews".recipe_id = 1) [0m
Completed in 35ms (View: 19, DB: 0) | 200 OK [http://localhost/recipes/1]


Processing ReviewsController#new (for 127.0.0.1 at 2010-10-31 14:35:08) [GET]
Rendering template within layouts/reviews
Rendering reviews/new
ERROR: compiling _run_erb_app47views47reviews47new46html46erb RAISED compile error
C:/Users/Justin/My Documents/School/CS169/FoodRun/app/views/reviews/new.html.erb:20: syntax error, unexpected tIVAR, expecting ')'
...(( f.text_field :recipe_id @id).to_s); @output_buffer.concat...
                              ^
Function body:           def _run_erb_app47views47reviews47new46html46erb(local_assigns)
            old_output_buffer = output_buffer;;@output_buffer = '';  __in_erb_template=true ; @output_buffer.concat "<h1>New review</h1>\n\n"

;  form_for(@review) do |f| ; @output_buffer.concat "\n  "
; @output_buffer.concat(( f.error_messages ).to_s); @output_buffer.concat "\n\n  <p>\n    "


; @output_buffer.concat(( f.label :title ).to_s); @output_buffer.concat "<br />\n    "
; @output_buffer.concat(( f.text_field :title ).to_s); @output_buffer.concat "\n  </p>\n  <p>\n    "


; @output_buffer.concat(( f.label :review ).to_s); @output_buffer.concat "<br />\n    "
; @output_buffer.concat(( f.text_area :review ).to_s); @output_buffer.concat "\n  </p>\n  <p>\n    "


; @output_buffer.concat(( f.label :rating ).to_s); @output_buffer.concat "<br />\n    "
; @output_buffer.concat(( f.text_field :rating ).to_s); @output_buffer.concat "\n  </p>\n  <p>\n    "


; @output_buffer.concat(( f.label :recipe_id ).to_s); @output_buffer.concat "<br />\n    "
; @output_buffer.concat(( f.text_field :recipe_id @id).to_s); @output_buffer.concat "\n  </p>\n  \n  <p>\n    "



; @output_buffer.concat(( f.submit 'Create' ).to_s); @output_buffer.concat "\n  </p>\n"

;  end ; @output_buffer.concat "\n\n"

; @output_buffer.concat(( link_to 'Back', reviews_path ).to_s); @output_buffer
          ensure
            self.output_buffer = old_output_buffer
          end
Backtrace: C:/Users/Justin/My Documents/School/CS169/FoodRun/app/views/reviews/new.html.erb:31:in `compile!'
C:/Ruby187/lib/ruby/gems/1.8/gems/actionpack-2.3.8/lib/action_view/renderable.rb:61:in `compile'
C:/Ruby187/lib/ruby/gems/1.8/gems/actionpack-2.3.8/lib/action_view/renderable.rb:28:in `render'
C:/Ruby187/lib/ruby/gems/1.8/gems/actionpack-2.3.8/lib/action_view/template.rb:205:in `render_template'
C:/Ruby187/lib/ruby/gems/1.8/gems/actionpack-2.3.8/lib/action_view/base.rb:265:in `render'
C:/Ruby187/lib/ruby/gems/1.8/gems/actionpack-2.3.8/lib/action_view/base.rb:348:in `_render_with_layout'
C:/Ruby187/lib/ruby/gems/1.8/gems/actionpack-2.3.8/lib/action_view/base.rb:262:in `render'
C:/Ruby187/lib/ruby/gems/1.8/gems/actionpack-2.3.8/lib/action_controller/base.rb:1250:in `render_for_file'
C:/Ruby187/lib/ruby/gems/1.8/gems/actionpack-2.3.8/lib/action_controller/base.rb:942:in `render_without_benchmark'
C:/Ruby187/lib/ruby/gems/1.8/gems/actionpack-2.3.8/lib/action_controller/benchmarking.rb:51:in `render'
C:/Ruby187/lib/ruby/gems/1.8/gems/activesupport-2.3.8/lib/active_support/core_ext/benchmark.rb:17:in `ms'
C:/Ruby187/lib/ruby/1.8/benchmark.rb:308:in `realtime'
C:/Ruby187/lib/ruby/gems/1.8/gems/activesupport-2.3.8/lib/active_support/core_ext/benchmark.rb:17:in `ms'
C:/Ruby187/lib/ruby/gems/1.8/gems/actionpack-2.3.8/lib/action_controller/benchmarking.rb:51:in `render'
C:/Ruby187/lib/ruby/gems/1.8/gems/actionpack-2.3.8/lib/action_controller/mime_responds.rb:135:in `send'
C:/Ruby187/lib/ruby/gems/1.8/gems/actionpack-2.3.8/lib/action_controller/mime_responds.rb:135:in `custom'
C:/Ruby187/lib/ruby/gems/1.8/gems/actionpack-2.3.8/lib/action_controller/mime_responds.rb:179:in `call'
C:/Ruby187/lib/ruby/gems/1.8/gems/actionpack-2.3.8/lib/action_controller/mime_responds.rb:179:in `respond'
C:/Ruby187/lib/ruby/gems/1.8/gems/actionpack-2.3.8/lib/action_controller/mime_responds.rb:173:in `each'
C:/Ruby187/lib/ruby/gems/1.8/gems/actionpack-2.3.8/lib/action_controller/mime_responds.rb:173:in `respond'
C:/Ruby187/lib/ruby/gems/1.8/gems/actionpack-2.3.8/lib/action_controller/mime_responds.rb:107:in `respond_to'
C:/Users/Justin/My Documents/School/CS169/FoodRun/app/controllers/reviews_controller.rb:30:in `new'
C:/Ruby187/lib/ruby/gems/1.8/gems/actionpack-2.3.8/lib/action_controller/base.rb:1331:in `send'
C:/Ruby187/lib/ruby/gems/1.8/gems/actionpack-2.3.8/lib/action_controller/base.rb:1331:in `perform_action_without_filters'
C:/Ruby187/lib/ruby/gems/1.8/gems/actionpack-2.3.8/lib/action_controller/filters.rb:617:in `call_filters'
C:/Ruby187/lib/ruby/gems/1.8/gems/actionpack-2.3.8/lib/action_controller/filters.rb:610:in `perform_action_without_benchmark'
C:/Ruby187/lib/ruby/gems/1.8/gems/actionpack-2.3.8/lib/action_controller/benchmarking.rb:68:in `perform_action_without_rescue'
C:/Ruby187/lib/ruby/gems/1.8/gems/activesupport-2.3.8/lib/active_support/core_ext/benchmark.rb:17:in `ms'
C:/Ruby187/lib/ruby/1.8/benchmark.rb:308:in `realtime'
C:/Ruby187/lib/ruby/gems/1.8/gems/activesupport-2.3.8/lib/active_support/core_ext/benchmark.rb:17:in `ms'
C:/Ruby187/lib/ruby/gems/1.8/gems/actionpack-2.3.8/lib/action_controller/benchmarking.rb:68:in `perform_action_without_rescue'
C:/Ruby187/lib/ruby/gems/1.8/gems/actionpack-2.3.8/lib/action_controller/rescue.rb:160:in `perform_action_without_flash'
C:/Ruby187/lib/ruby/gems/1.8/gems/actionpack-2.3.8/lib/action_controller/flash.rb:151:in `perform_action'
C:/Ruby187/lib/ruby/gems/1.8/gems/actionpack-2.3.8/lib/action_controller/base.rb:532:in `send'
C:/Ruby187/lib/ruby/gems/1.8/gems/actionpack-2.3.8/lib/action_controller/base.rb:532:in `process_without_filters'
C:/Ruby187/lib/ruby/gems/1.8/gems/actionpack-2.3.8/lib/action_controller/filters.rb:606:in `process'
C:/Ruby187/lib/ruby/gems/1.8/gems/actionpack-2.3.8/lib/action_controller/base.rb:391:in `process'
C:/Ruby187/lib/ruby/gems/1.8/gems/actionpack-2.3.8/lib/action_controller/base.rb:386:in `call'
C:/Ruby187/lib/ruby/gems/1.8/gems/actionpack-2.3.8/lib/action_controller/routing/route_set.rb:438:in `call'
C:/Ruby187/lib/ruby/gems/1.8/gems/actionpack-2.3.8/lib/action_controller/dispatcher.rb:87:in `dispatch'
C:/Ruby187/lib/ruby/gems/1.8/gems/actionpack-2.3.8/lib/action_controller/dispatcher.rb:121:in `_call'
C:/Ruby187/lib/ruby/gems/1.8/gems/actionpack-2.3.8/lib/action_controller/dispatcher.rb:130:in `build_middleware_stack'
C:/Ruby187/lib/ruby/gems/1.8/gems/activerecord-2.3.8/lib/active_record/query_cache.rb:29:in `call'
C:/Ruby187/lib/ruby/gems/1.8/gems/activerecord-2.3.8/lib/active_record/query_cache.rb:29:in `call'
C:/Ruby187/lib/ruby/gems/1.8/gems/activerecord-2.3.8/lib/active_record/connection_adapters/abstract/query_cache.rb:34:in `cache'
C:/Ruby187/lib/ruby/gems/1.8/gems/activerecord-2.3.8/lib/active_record/query_cache.rb:9:in `cache'
C:/Ruby187/lib/ruby/gems/1.8/gems/activerecord-2.3.8/lib/active_record/query_cache.rb:28:in `call'
C:/Ruby187/lib/ruby/gems/1.8/gems/activerecord-2.3.8/lib/active_record/connection_adapters/abstract/connection_pool.rb:361:in `call'
C:/Ruby187/lib/ruby/gems/1.8/gems/actionpack-2.3.8/lib/action_controller/string_coercion.rb:25:in `call'
C:/Ruby187/lib/ruby/gems/1.8/gems/rack-1.1.0/lib/rack/head.rb:9:in `call'
C:/Ruby187/lib/ruby/gems/1.8/gems/rack-1.1.0/lib/rack/methodoverride.rb:24:in `call'
C:/Ruby187/lib/ruby/gems/1.8/gems/actionpack-2.3.8/lib/action_controller/params_parser.rb:15:in `call'
C:/Ruby187/lib/ruby/gems/1.8/gems/actionpack-2.3.8/lib/action_controller/session/cookie_store.rb:99:in `call'
C:/Ruby187/lib/ruby/gems/1.8/gems/actionpack-2.3.8/lib/action_controller/failsafe.rb:26:in `call'
C:/Ruby187/lib/ruby/gems/1.8/gems/rack-1.1.0/lib/rack/lock.rb:11:in `call'
C:/Ruby187/lib/ruby/gems/1.8/gems/rack-1.1.0/lib/rack/lock.rb:11:in `synchronize'
C:/Ruby187/lib/ruby/gems/1.8/gems/rack-1.1.0/lib/rack/lock.rb:11:in `call'
C:/Ruby187/lib/ruby/gems/1.8/gems/actionpack-2.3.8/lib/action_controller/dispatcher.rb:114:in `call'
C:/Ruby187/lib/ruby/gems/1.8/gems/actionpack-2.3.8/lib/action_controller/reloader.rb:34:in `run'
C:/Ruby187/lib/ruby/gems/1.8/gems/actionpack-2.3.8/lib/action_controller/dispatcher.rb:108:in `call'
C:/Ruby187/lib/ruby/gems/1.8/gems/rails-2.3.8/lib/rails/rack/static.rb:31:in `call'
C:/Ruby187/lib/ruby/gems/1.8/gems/rack-1.1.0/lib/rack/urlmap.rb:47:in `call'
C:/Ruby187/lib/ruby/gems/1.8/gems/rack-1.1.0/lib/rack/urlmap.rb:41:in `each'
C:/Ruby187/lib/ruby/gems/1.8/gems/rack-1.1.0/lib/rack/urlmap.rb:41:in `call'
C:/Ruby187/lib/ruby/gems/1.8/gems/rails-2.3.8/lib/rails/rack/log_tailer.rb:17:in `call'
C:/Ruby187/lib/ruby/gems/1.8/gems/rack-1.1.0/lib/rack/content_length.rb:13:in `call'
C:/Ruby187/lib/ruby/gems/1.8/gems/rack-1.1.0/lib/rack/handler/webrick.rb:48:in `service'
C:/Ruby187/lib/ruby/1.8/webrick/httpserver.rb:104:in `service'
C:/Ruby187/lib/ruby/1.8/webrick/httpserver.rb:65:in `run'
C:/Ruby187/lib/ruby/1.8/webrick/server.rb:173:in `start_thread'
C:/Ruby187/lib/ruby/1.8/webrick/server.rb:162:in `start'
C:/Ruby187/lib/ruby/1.8/webrick/server.rb:162:in `start_thread'
C:/Ruby187/lib/ruby/1.8/webrick/server.rb:95:in `start'
C:/Ruby187/lib/ruby/1.8/webrick/server.rb:92:in `each'
C:/Ruby187/lib/ruby/1.8/webrick/server.rb:92:in `start'
C:/Ruby187/lib/ruby/1.8/webrick/server.rb:23:in `start'
C:/Ruby187/lib/ruby/1.8/webrick/server.rb:82:in `start'
C:/Ruby187/lib/ruby/gems/1.8/gems/rack-1.1.0/lib/rack/handler/webrick.rb:14:in `run'
C:/Ruby187/lib/ruby/gems/1.8/gems/rails-2.3.8/lib/commands/server.rb:111
C:/Ruby187/lib/ruby/site_ruby/1.8/rubygems/custom_require.rb:31:in `gem_original_require'
C:/Ruby187/lib/ruby/site_ruby/1.8/rubygems/custom_require.rb:31:in `require'
script/server:3

ActionView::TemplateError (compile error
C:/Users/Justin/My Documents/School/CS169/FoodRun/app/views/reviews/new.html.erb:20: syntax error, unexpected tIVAR, expecting ')'
...(( f.text_field :recipe_id @id).to_s); @output_buffer.concat...
                              ^) on line #20 of app/views/reviews/new.html.erb:
17:   </p>
18:   <p>
19:     <%= f.label :recipe_id %><br />
20:     <%= f.text_field :recipe_id @id%>
21:   </p>
22:   
23:   <p>

    app/views/reviews/new.html.erb:31:in `compile!'
    app/controllers/reviews_controller.rb:30:in `new'
    C:/Ruby187/lib/ruby/1.8/webrick/httpserver.rb:104:in `service'
    C:/Ruby187/lib/ruby/1.8/webrick/httpserver.rb:65:in `run'
    C:/Ruby187/lib/ruby/1.8/webrick/server.rb:173:in `start_thread'
    C:/Ruby187/lib/ruby/1.8/webrick/server.rb:162:in `start'
    C:/Ruby187/lib/ruby/1.8/webrick/server.rb:162:in `start_thread'
    C:/Ruby187/lib/ruby/1.8/webrick/server.rb:95:in `start'
    C:/Ruby187/lib/ruby/1.8/webrick/server.rb:92:in `each'
    C:/Ruby187/lib/ruby/1.8/webrick/server.rb:92:in `start'
    C:/Ruby187/lib/ruby/1.8/webrick/server.rb:23:in `start'
    C:/Ruby187/lib/ruby/1.8/webrick/server.rb:82:in `start'

Rendered rescues/_trace (50.0ms)
Rendered rescues/_request_and_response (0.0ms)
Rendering rescues/layout (internal_server_error)


Processing ReviewsController#new (for 127.0.0.1 at 2010-10-31 14:35:25) [GET]
Rendering template within layouts/reviews
Rendering reviews/new
Completed in 32ms (View: 21, DB: 0) | 200 OK [http://localhost/reviews/new]


Processing ReviewsController#new (for 127.0.0.1 at 2010-10-31 14:35:35) [GET]
Rendering template within layouts/reviews
Rendering reviews/new
Completed in 34ms (View: 22, DB: 0) | 200 OK [http://localhost/reviews/new]


Processing ReviewsController#index (for 127.0.0.1 at 2010-10-31 14:38:35) [GET]
  [4;35;1mReview Load (1.0ms)[0m   [0mSELECT * FROM "reviews" [0m
Rendering template within layouts/reviews
Rendering reviews/index
Completed in 22ms (View: 10, DB: 1) | 200 OK [http://localhost/reviews]


Processing ReviewsController#destroy (for 127.0.0.1 at 2010-10-31 14:38:39) [DELETE]
  Parameters: {"authenticity_token"=>"SG7uzoAOh1DSWT36PQ3Fs5hFZ4k2vpR2eu7pQb0ccK0=", "id"=>"2"}
  [4;36;1mReview Load (1.0ms)[0m   [0;1mSELECT * FROM "reviews" WHERE ("reviews"."id" = 2) [0m
  [4;35;1mReview Destroy (2.0ms)[0m   [0mDELETE FROM "reviews" WHERE "id" = 2[0m
Redirected to http://localhost:3000/reviews
Completed in 57ms (DB: 3) | 302 Found [http://localhost/reviews/2]


Processing ReviewsController#index (for 127.0.0.1 at 2010-10-31 14:38:39) [GET]
  [4;36;1mReview Load (1.0ms)[0m   [0;1mSELECT * FROM "reviews" [0m
Rendering template within layouts/reviews
Rendering reviews/index
Completed in 21ms (View: 9, DB: 1) | 200 OK [http://localhost/reviews]


Processing RecipesController#index (for 127.0.0.1 at 2010-10-31 14:38:41) [GET]
  [4;35;1mRecipe Load (1.0ms)[0m   [0mSELECT * FROM "recipes" [0m
Rendering template within layouts/recipes
Rendering recipes/index
  [4;36;1mSQL (0.0ms)[0m   [0;1mSELECT count(*) AS count_all FROM "reviews" WHERE ("reviews".recipe_id = 1) [0m
Completed in 32ms (View: 19, DB: 1) | 200 OK [http://localhost/]


Processing RecipesController#show (for 127.0.0.1 at 2010-10-31 14:38:43) [GET]
  Parameters: {"id"=>"1"}
  [4;35;1mRecipe Load (0.0ms)[0m   [0mSELECT * FROM "recipes" WHERE ("recipes"."id" = 1) [0m
Rendering template within layouts/recipes
Rendering recipes/show
  [4;36;1mReview Load (0.0ms)[0m   [0;1mSELECT * FROM "reviews" WHERE ("reviews".recipe_id = 1) [0m
Completed in 36ms (View: 23, DB: 0) | 200 OK [http://localhost/recipes/1]


Processing ReviewsController#new (for 127.0.0.1 at 2010-10-31 14:38:45) [GET]
  Parameters: {"id"=>"1"}
Rendering template within layouts/reviews
Rendering reviews/new
Completed in 32ms (View: 20, DB: 0) | 200 OK [http://localhost/reviews/new?id=1]


Processing RecipesController#show (for 127.0.0.1 at 2010-10-31 14:40:27) [GET]
  Parameters: {"id"=>"1"}
  [4;35;1mRecipe Load (1.0ms)[0m   [0mSELECT * FROM "recipes" WHERE ("recipes"."id" = 1) [0m
Rendering template within layouts/recipes
Rendering recipes/show
  [4;36;1mReview Load (1.0ms)[0m   [0;1mSELECT * FROM "reviews" WHERE ("reviews".recipe_id = 1) [0m
Completed in 39ms (View: 23, DB: 2) | 200 OK [http://localhost/recipes/1]


Processing ReviewsController#new (for 127.0.0.1 at 2010-10-31 14:40:28) [GET]
  Parameters: {"id"=>"1"}
Rendering template within layouts/reviews
Rendering reviews/new
Completed in 33ms (View: 21, DB: 0) | 200 OK [http://localhost/reviews/new?id=1]


Processing ReviewsController#index (for 127.0.0.1 at 2010-10-31 14:41:12) [GET]
  [4;35;1mReview Load (1.0ms)[0m   [0mSELECT * FROM "reviews" [0m
Rendering template within layouts/reviews
Rendering reviews/index
Completed in 20ms (View: 8, DB: 1) | 200 OK [http://localhost/reviews]


Processing RecipesController#index (for 127.0.0.1 at 2010-10-31 14:41:16) [GET]
  [4;36;1mRecipe Load (1.0ms)[0m   [0;1mSELECT * FROM "recipes" [0m
Rendering template within layouts/recipes
Rendering recipes/index
  [4;35;1mSQL (0.0ms)[0m   [0mSELECT count(*) AS count_all FROM "reviews" WHERE ("reviews".recipe_id = 1) [0m
Completed in 32ms (View: 19, DB: 1) | 200 OK [http://localhost/]


Processing RecipesController#show (for 127.0.0.1 at 2010-10-31 14:41:17) [GET]
  Parameters: {"id"=>"1"}
  [4;36;1mRecipe Load (1.0ms)[0m   [0;1mSELECT * FROM "recipes" WHERE ("recipes"."id" = 1) [0m
Rendering template within layouts/recipes
Rendering recipes/show
  [4;35;1mReview Load (0.0ms)[0m   [0mSELECT * FROM "reviews" WHERE ("reviews".recipe_id = 1) [0m
Completed in 32ms (View: 17, DB: 1) | 200 OK [http://localhost/recipes/1]


Processing ReviewsController#new (for 127.0.0.1 at 2010-10-31 14:41:19) [GET]
  Parameters: {"id"=>"1"}
WARNING: Can't mass-assign these protected attributes: id
Rendering template within layouts/reviews
Rendering reviews/new
Completed in 27ms (View: 15, DB: 0) | 200 OK [http://localhost/reviews/new?id=1]


Processing ReviewsController#new (for 127.0.0.1 at 2010-10-31 14:41:28) [GET]
  Parameters: {"id"=>"1"}
Rendering template within layouts/reviews
Rendering reviews/new
Completed in 27ms (View: 14, DB: 0) | 200 OK [http://localhost/reviews/new?id=1]


Processing ReviewsController#index (for 127.0.0.1 at 2010-10-31 14:43:27) [GET]
  [4;36;1mReview Load (1.0ms)[0m   [0;1mSELECT * FROM "reviews" [0m
Rendering template within layouts/reviews
Rendering reviews/index
Completed in 19ms (View: 8, DB: 1) | 200 OK [http://localhost/reviews]


Processing ReviewsController#show (for 127.0.0.1 at 2010-10-31 14:43:28) [GET]
  Parameters: {"id"=>"1"}
  [4;35;1mReview Load (1.0ms)[0m   [0mSELECT * FROM "reviews" WHERE ("reviews"."id" = 1) [0m
Rendering template within layouts/reviews
Rendering reviews/show
Completed in 18ms (View: 5, DB: 1) | 200 OK [http://localhost/reviews/1]


Processing RecipesController#index (for 127.0.0.1 at 2010-10-31 14:43:34) [GET]
  [4;36;1mRecipe Load (0.0ms)[0m   [0;1mSELECT * FROM "recipes" [0m
Rendering template within layouts/recipes
Rendering recipes/index
  [4;35;1mSQL (0.0ms)[0m   [0mSELECT count(*) AS count_all FROM "reviews" WHERE ("reviews".recipe_id = 1) [0m
Completed in 35ms (View: 22, DB: 0) | 200 OK [http://localhost/]


Processing RecipesController#show (for 127.0.0.1 at 2010-10-31 14:43:36) [GET]
  Parameters: {"id"=>"1"}
  [4;36;1mRecipe Load (0.0ms)[0m   [0;1mSELECT * FROM "recipes" WHERE ("recipes"."id" = 1) [0m
Rendering template within layouts/recipes
Rendering recipes/show
  [4;35;1mReview Load (0.0ms)[0m   [0mSELECT * FROM "reviews" WHERE ("reviews".recipe_id = 1) [0m
Completed in 32ms (View: 19, DB: 0) | 200 OK [http://localhost/recipes/1]


Processing ReviewsController#new (for 127.0.0.1 at 2010-10-31 14:43:37) [GET]
  Parameters: {"id"=>"1"}
Rendering template within layouts/reviews
Rendering reviews/new
Completed in 26ms (View: 14, DB: 0) | 200 OK [http://localhost/reviews/new?id=1]


Processing ReviewsController#new (for 127.0.0.1 at 2010-10-31 14:44:05) [GET]
  Parameters: {"id"=>"1"}
Rendering template within layouts/reviews
Rendering reviews/new
Completed in 38ms (View: 23, DB: 0) | 200 OK [http://localhost/reviews/new?id=1]


Processing ReviewsController#index (for 127.0.0.1 at 2010-10-31 14:44:20) [GET]
  [4;36;1mReview Load (1.0ms)[0m   [0;1mSELECT * FROM "reviews" [0m
Rendering template within layouts/reviews
Rendering reviews/index
Completed in 22ms (View: 10, DB: 1) | 200 OK [http://localhost/reviews]


Processing RecipesController#index (for 127.0.0.1 at 2010-10-31 14:44:28) [GET]
  [4;35;1mRecipe Load (1.0ms)[0m   [0mSELECT * FROM "recipes" [0m
Rendering template within layouts/recipes
Rendering recipes/index
  [4;36;1mSQL (0.0ms)[0m   [0;1mSELECT count(*) AS count_all FROM "reviews" WHERE ("reviews".recipe_id = 1) [0m
Completed in 35ms (View: 21, DB: 1) | 200 OK [http://localhost/]


Processing RecipesController#show (for 127.0.0.1 at 2010-10-31 14:44:30) [GET]
  Parameters: {"id"=>"1"}
  [4;35;1mRecipe Load (1.0ms)[0m   [0mSELECT * FROM "recipes" WHERE ("recipes"."id" = 1) [0m
Rendering template within layouts/recipes
Rendering recipes/show
  [4;36;1mReview Load (1.0ms)[0m   [0;1mSELECT * FROM "reviews" WHERE ("reviews".recipe_id = 1) [0m
Completed in 33ms (View: 17, DB: 2) | 200 OK [http://localhost/recipes/1]


Processing ReviewsController#new (for 127.0.0.1 at 2010-10-31 14:44:31) [GET]
  Parameters: {"id"=>"1"}
Rendering template within layouts/reviews
Rendering reviews/new
Completed in 90ms (View: 77, DB: 0) | 200 OK [http://localhost/reviews/new?id=1]


Processing ReviewsController#create (for 127.0.0.1 at 2010-10-31 14:44:38) [POST]
  Parameters: {"commit"=>"Create", "authenticity_token"=>"SG7uzoAOh1DSWT36PQ3Fs5hFZ4k2vpR2eu7pQb0ccK0=", "review"=>{"rating"=>"3", "title"=>"lkdsalk", "review"=>"dslkamdlaaskd"}}
  [4;35;1mReview Create (2.0ms)[0m   [0mINSERT INTO "reviews" ("rating", "created_at", "title", "recipe_id", "updated_at", "review") VALUES(3, '2010-10-31 21:44:38', 'lkdsalk', NULL, '2010-10-31 21:44:38', 'dslkamdlaaskd')[0m
Redirected to http://localhost:3000/reviews/3
Completed in 60ms (DB: 2) | 302 Found [http://localhost/reviews]


Processing ReviewsController#show (for 127.0.0.1 at 2010-10-31 14:44:39) [GET]
  Parameters: {"id"=>"3"}
  [4;36;1mReview Load (1.0ms)[0m   [0;1mSELECT * FROM "reviews" WHERE ("reviews"."id" = 3) [0m
Rendering template within layouts/reviews
Rendering reviews/show
Completed in 18ms (View: 5, DB: 1) | 200 OK [http://localhost/reviews/3]


Processing ReviewsController#index (for 127.0.0.1 at 2010-10-31 14:44:57) [GET]
  [4;35;1mReview Load (1.0ms)[0m   [0mSELECT * FROM "reviews" [0m
Rendering template within layouts/reviews
Rendering reviews/index
Completed in 24ms (View: 11, DB: 1) | 200 OK [http://localhost/reviews]


Processing ReviewsController#destroy (for 127.0.0.1 at 2010-10-31 14:44:59) [DELETE]
  Parameters: {"authenticity_token"=>"SG7uzoAOh1DSWT36PQ3Fs5hFZ4k2vpR2eu7pQb0ccK0=", "id"=>"3"}
  [4;36;1mReview Load (0.0ms)[0m   [0;1mSELECT * FROM "reviews" WHERE ("reviews"."id" = 3) [0m
  [4;35;1mReview Destroy (1.0ms)[0m   [0mDELETE FROM "reviews" WHERE "id" = 3[0m
Redirected to http://localhost:3000/reviews
Completed in 47ms (DB: 1) | 302 Found [http://localhost/reviews/3]


Processing ReviewsController#index (for 127.0.0.1 at 2010-10-31 14:44:59) [GET]
  [4;36;1mReview Load (1.0ms)[0m   [0;1mSELECT * FROM "reviews" [0m
Rendering template within layouts/reviews
Rendering reviews/index
Completed in 22ms (View: 9, DB: 1) | 200 OK [http://localhost/reviews]


Processing RecipesController#index (for 127.0.0.1 at 2010-10-31 14:45:03) [GET]
  [4;35;1mRecipe Load (1.0ms)[0m   [0mSELECT * FROM "recipes" [0m
Rendering template within layouts/recipes
Rendering recipes/index
  [4;36;1mSQL (0.0ms)[0m   [0;1mSELECT count(*) AS count_all FROM "reviews" WHERE ("reviews".recipe_id = 1) [0m
Completed in 33ms (View: 20, DB: 1) | 200 OK [http://localhost/]


Processing RecipesController#show (for 127.0.0.1 at 2010-10-31 14:45:05) [GET]
  Parameters: {"id"=>"1"}
  [4;35;1mRecipe Load (0.0ms)[0m   [0mSELECT * FROM "recipes" WHERE ("recipes"."id" = 1) [0m
Rendering template within layouts/recipes
Rendering recipes/show
  [4;36;1mReview Load (1.0ms)[0m   [0;1mSELECT * FROM "reviews" WHERE ("reviews".recipe_id = 1) [0m
Completed in 31ms (View: 16, DB: 1) | 200 OK [http://localhost/recipes/1]


Processing ReviewsController#new (for 127.0.0.1 at 2010-10-31 14:45:06) [GET]
  Parameters: {"id"=>"1"}
Rendering template within layouts/reviews
Rendering reviews/new
Completed in 88ms (View: 76, DB: 0) | 200 OK [http://localhost/reviews/new?id=1]


Processing ReviewsController#create (for 127.0.0.1 at 2010-10-31 14:45:13) [POST]
  Parameters: {"commit"=>"Create", "authenticity_token"=>"SG7uzoAOh1DSWT36PQ3Fs5hFZ4k2vpR2eu7pQb0ccK0=", "review"=>{"rating"=>"dsa", "title"=>"dsa", "recipe_id"=>"1", "review"=>"dsa"}}
  [4;35;1mReview Create (2.0ms)[0m   [0mINSERT INTO "reviews" ("rating", "created_at", "title", "recipe_id", "updated_at", "review") VALUES(0, '2010-10-31 21:45:13', 'dsa', 1, '2010-10-31 21:45:13', 'dsa')[0m
Redirected to http://localhost:3000/reviews/4
Completed in 51ms (DB: 2) | 302 Found [http://localhost/reviews]


Processing ReviewsController#show (for 127.0.0.1 at 2010-10-31 14:45:14) [GET]
  Parameters: {"id"=>"4"}
  [4;36;1mReview Load (0.0ms)[0m   [0;1mSELECT * FROM "reviews" WHERE ("reviews"."id" = 4) [0m
Rendering template within layouts/reviews
Rendering reviews/show
Completed in 17ms (View: 5, DB: 0) | 200 OK [http://localhost/reviews/4]


Processing ReviewsController#index (for 127.0.0.1 at 2010-10-31 14:45:16) [GET]
  [4;35;1mReview Load (1.0ms)[0m   [0mSELECT * FROM "reviews" [0m
Rendering template within layouts/reviews
Rendering reviews/index
Completed in 23ms (View: 11, DB: 1) | 200 OK [http://localhost/reviews]


Processing ReviewsController#destroy (for 127.0.0.1 at 2010-10-31 14:45:26) [DELETE]
  Parameters: {"authenticity_token"=>"SG7uzoAOh1DSWT36PQ3Fs5hFZ4k2vpR2eu7pQb0ccK0=", "id"=>"4"}
  [4;36;1mReview Load (0.0ms)[0m   [0;1mSELECT * FROM "reviews" WHERE ("reviews"."id" = 4) [0m
  [4;35;1mReview Destroy (3.0ms)[0m   [0mDELETE FROM "reviews" WHERE "id" = 4[0m
Redirected to http://localhost:3000/reviews
Completed in 71ms (DB: 3) | 302 Found [http://localhost/reviews/4]


Processing ReviewsController#index (for 127.0.0.1 at 2010-10-31 14:45:27) [GET]
  [4;36;1mReview Load (1.0ms)[0m   [0;1mSELECT * FROM "reviews" [0m
Rendering template within layouts/reviews
Rendering reviews/index
Completed in 20ms (View: 8, DB: 1) | 200 OK [http://localhost/reviews]


Processing RecipesController#index (for 127.0.0.1 at 2010-10-31 14:45:32) [GET]
  [4;35;1mRecipe Load (1.0ms)[0m   [0mSELECT * FROM "recipes" [0m
Rendering template within layouts/recipes
Rendering recipes/index
  [4;36;1mSQL (0.0ms)[0m   [0;1mSELECT count(*) AS count_all FROM "reviews" WHERE ("reviews".recipe_id = 1) [0m
Completed in 34ms (View: 21, DB: 1) | 200 OK [http://localhost/]


Processing RecipesController#show (for 127.0.0.1 at 2010-10-31 14:45:35) [GET]
  Parameters: {"id"=>"1"}
  [4;35;1mRecipe Load (0.0ms)[0m   [0mSELECT * FROM "recipes" WHERE ("recipes"."id" = 1) [0m
Rendering template within layouts/recipes
Rendering recipes/show
  [4;36;1mReview Load (0.0ms)[0m   [0;1mSELECT * FROM "reviews" WHERE ("reviews".recipe_id = 1) [0m
Completed in 31ms (View: 17, DB: 0) | 200 OK [http://localhost/recipes/1]


Processing ReviewsController#new (for 127.0.0.1 at 2010-10-31 14:45:37) [GET]
  Parameters: {"id"=>"1"}
Rendering template within layouts/reviews
Rendering reviews/new
Completed in 92ms (View: 80, DB: 0) | 200 OK [http://localhost/reviews/new?id=1]


Processing ReviewsController#create (for 127.0.0.1 at 2010-10-31 14:45:45) [POST]
  Parameters: {"commit"=>"Create", "authenticity_token"=>"SG7uzoAOh1DSWT36PQ3Fs5hFZ4k2vpR2eu7pQb0ccK0=", "review"=>{"rating"=>"2", "title"=>"Dank", "recipe_id"=>"1", "review"=>"Holler at your boy."}}
  [4;35;1mReview Create (2.0ms)[0m   [0mINSERT INTO "reviews" ("rating", "created_at", "title", "recipe_id", "updated_at", "review") VALUES(2, '2010-10-31 21:45:45', 'Dank', 1, '2010-10-31 21:45:45', 'Holler at your boy.')[0m
Redirected to http://localhost:3000/reviews/5
Completed in 53ms (DB: 2) | 302 Found [http://localhost/reviews]


Processing ReviewsController#show (for 127.0.0.1 at 2010-10-31 14:45:46) [GET]
  Parameters: {"id"=>"5"}
  [4;36;1mReview Load (0.0ms)[0m   [0;1mSELECT * FROM "reviews" WHERE ("reviews"."id" = 5) [0m
Rendering template within layouts/reviews
Rendering reviews/show
Completed in 18ms (View: 4, DB: 0) | 200 OK [http://localhost/reviews/5]


Processing ReviewsController#index (for 127.0.0.1 at 2010-10-31 14:45:47) [GET]
  [4;35;1mReview Load (1.0ms)[0m   [0mSELECT * FROM "reviews" [0m
Rendering template within layouts/reviews
Rendering reviews/index
Completed in 23ms (View: 10, DB: 1) | 200 OK [http://localhost/reviews]


Processing RecipesController#index (for 127.0.0.1 at 2010-10-31 14:45:54) [GET]
  [4;36;1mRecipe Load (1.0ms)[0m   [0;1mSELECT * FROM "recipes" [0m
Rendering template within layouts/recipes
Rendering recipes/index
  [4;35;1mSQL (0.0ms)[0m   [0mSELECT count(*) AS count_all FROM "reviews" WHERE ("reviews".recipe_id = 1) [0m
Completed in 33ms (View: 20, DB: 1) | 200 OK [http://localhost/]
